{"numTotalTestSuites":68,"numPassedTestSuites":8,"numFailedTestSuites":60,"numPendingTestSuites":0,"numTotalTests":909,"numPassedTests":627,"numFailedTests":282,"numPendingTests":0,"numTodoTests":0,"snapshot":{"added":0,"failure":false,"filesAdded":0,"filesRemoved":0,"filesRemovedList":[],"filesUnmatched":0,"filesUpdated":0,"matched":0,"total":0,"unchecked":0,"uncheckedKeysByFile":[],"unmatched":0,"updated":0,"didUpdate":false},"startTime":1772527578505,"success":false,"testResults":[{"assertionResults":[{"ancestorTitles":["Provider adapter matrix (non-IR endpoints)","openai"],"fullName":"Provider adapter matrix (non-IR endpoints) openai moderations","status":"passed","title":"moderations","duration":10.430399999999963,"failureMessages":[],"meta":{}},{"ancestorTitles":["Provider adapter matrix (non-IR endpoints)","openai"],"fullName":"Provider adapter matrix (non-IR endpoints) openai embeddings","status":"passed","title":"embeddings","duration":3.7263000000000375,"failureMessages":[],"meta":{}},{"ancestorTitles":["Provider adapter matrix (non-IR endpoints)","openai"],"fullName":"Provider adapter matrix (non-IR endpoints) openai images.generations","status":"passed","title":"images.generations","duration":2.429100000000062,"failureMessages":[],"meta":{}},{"ancestorTitles":["Provider adapter matrix (non-IR endpoints)","openai"],"fullName":"Provider adapter matrix (non-IR endpoints) openai images.edits","status":"passed","title":"images.edits","duration":3.0324000000000524,"failureMessages":[],"meta":{}},{"ancestorTitles":["Provider adapter matrix (non-IR endpoints)","openai"],"fullName":"Provider adapter matrix (non-IR endpoints) openai audio.speech","status":"passed","title":"audio.speech","duration":0.891399999999976,"failureMessages":[],"meta":{}},{"ancestorTitles":["Provider adapter matrix (non-IR endpoints)","openai"],"fullName":"Provider adapter matrix (non-IR endpoints) openai audio.transcription","status":"failed","title":"audio.transcription","duration":8.255599999999959,"failureMessages":["ZodError: [\n  {\n    \"code\": \"custom\",\n    \"message\": \"file is required\",\n    \"fatal\": true,\n    \"path\": [\n      \"file\"\n    ]\n  }\n]\n    at Object.get error [as error] (file:///Z:/ai-stats-public/node_modules/.pnpm/zod@3.25.76/node_modules/zod/v3/types.js:39:31)\n    at ZodObject.parse (file:///Z:/ai-stats-public/node_modules/.pnpm/zod@3.25.76/node_modules/zod/v3/types.js:114:22)\n    at buildAdapterPayload (Z:/ai-stats-public/apps/api/src/providers/utils.ts:20:30)\n    at Module.exec (Z:/ai-stats-public/apps/api/src/providers/openai/endpoints/audio-transcription.ts:38:28)\n    at processTicksAndRejections (node:internal/process/task_queues:105:5)"],"meta":{}},{"ancestorTitles":["Provider adapter matrix (non-IR endpoints)","openai"],"fullName":"Provider adapter matrix (non-IR endpoints) openai audio.translations","status":"failed","title":"audio.translations","duration":2.715599999999995,"failureMessages":["ZodError: [\n  {\n    \"code\": \"custom\",\n    \"message\": \"file is required\",\n    \"fatal\": true,\n    \"path\": [\n      \"file\"\n    ]\n  }\n]\n    at Object.get error [as error] (file:///Z:/ai-stats-public/node_modules/.pnpm/zod@3.25.76/node_modules/zod/v3/types.js:39:31)\n    at ZodObject.parse (file:///Z:/ai-stats-public/node_modules/.pnpm/zod@3.25.76/node_modules/zod/v3/types.js:114:22)\n    at buildAdapterPayload (Z:/ai-stats-public/apps/api/src/providers/utils.ts:20:30)\n    at Module.exec (Z:/ai-stats-public/apps/api/src/providers/openai/endpoints/audio-translation.ts:37:28)\n    at processTicksAndRejections (node:internal/process/task_queues:105:5)"],"meta":{}},{"ancestorTitles":["Provider adapter matrix (non-IR endpoints)","openai"],"fullName":"Provider adapter matrix (non-IR endpoints) openai video.generation","status":"passed","title":"video.generation","duration":2.544700000000148,"failureMessages":[],"meta":{}},{"ancestorTitles":["Provider adapter matrix (non-IR endpoints)","openai"],"fullName":"Provider adapter matrix (non-IR endpoints) openai batch","status":"failed","title":"batch","duration":2.1988000000001193,"failureMessages":["Error: OpenAI: unsupported endpoint batch\n    at Object.execute (Z:/ai-stats-public/apps/api/src/providers/openai/index.ts:35:28)\n    at Z:/ai-stats-public/apps/api/tests/provider-adapter-matrix.spec.ts:295:50\n    at file:///Z:/ai-stats-public/node_modules/.pnpm/@vitest+runner@4.0.18/node_modules/@vitest/runner/dist/index.js:145:11\n    at file:///Z:/ai-stats-public/node_modules/.pnpm/@vitest+runner@4.0.18/node_modules/@vitest/runner/dist/index.js:915:26\n    at file:///Z:/ai-stats-public/node_modules/.pnpm/@vitest+runner@4.0.18/node_modules/@vitest/runner/dist/index.js:1243:20\n    at new Promise (<anonymous>)\n    at runWithTimeout (file:///Z:/ai-stats-public/node_modules/.pnpm/@vitest+runner@4.0.18/node_modules/@vitest/runner/dist/index.js:1209:10)\n    at file:///Z:/ai-stats-public/node_modules/.pnpm/@vitest+runner@4.0.18/node_modules/@vitest/runner/dist/index.js:1653:37\n    at Traces.$ (file:///Z:/ai-stats-public/node_modules/.pnpm/vitest@4.0.18_@opentelemetr_b3d38756a34a0c2905465316623765c2/node_modules/vitest/dist/chunks/traces.CCmnQaNT.js:142:27)\n    at trace (file:///Z:/ai-stats-public/node_modules/.pnpm/vitest@4.0.18_@opentelemetr_b3d38756a34a0c2905465316623765c2/node_modules/vitest/dist/chunks/test.B8ej_ZHS.js:239:21)"],"meta":{}},{"ancestorTitles":["Provider adapter matrix (non-IR endpoints)","openai"],"fullName":"Provider adapter matrix (non-IR endpoints) openai ocr","status":"passed","title":"ocr","duration":1.1526000000001204,"failureMessages":[],"meta":{}},{"ancestorTitles":["Provider adapter matrix (non-IR endpoints)","openai"],"fullName":"Provider adapter matrix (non-IR endpoints) openai music.generate","status":"passed","title":"music.generate","duration":0.22059999999987667,"failureMessages":[],"meta":{}},{"ancestorTitles":["Provider adapter matrix (non-IR endpoints)","openai"],"fullName":"Provider adapter matrix (non-IR endpoints) openai files.upload","status":"passed","title":"files.upload","duration":0.12770000000000437,"failureMessages":[],"meta":{}},{"ancestorTitles":["Provider adapter matrix (non-IR endpoints)","openai"],"fullName":"Provider adapter matrix (non-IR endpoints) openai files.list","status":"passed","title":"files.list","duration":0.12269999999989523,"failureMessages":[],"meta":{}},{"ancestorTitles":["Provider adapter matrix (non-IR endpoints)","openai"],"fullName":"Provider adapter matrix (non-IR endpoints) openai files.retrieve","status":"passed","title":"files.retrieve","duration":0.12259999999992033,"failureMessages":[],"meta":{}},{"ancestorTitles":["Provider adapter matrix (non-IR endpoints)","google-ai-studio"],"fullName":"Provider adapter matrix (non-IR endpoints) google-ai-studio moderations","status":"passed","title":"moderations","duration":0.21080000000006294,"failureMessages":[],"meta":{}},{"ancestorTitles":["Provider adapter matrix (non-IR endpoints)","google-ai-studio"],"fullName":"Provider adapter matrix (non-IR endpoints) google-ai-studio embeddings","status":"failed","title":"embeddings","duration":4.102700000000141,"failureMessages":["Error: Unexpected fetch call: POST https://generativelanguage.googleapis.com/v1beta/models/text-embedding-3-small:countTokens?key=test-google-key\n    at globalThis.fetch (Z:/ai-stats-public/apps/api/tests/helpers/mock-fetch.ts:61:19)\n    at processTicksAndRejections (node:internal/process/task_queues:105:5)\n    at fetchTokenCount (Z:/ai-stats-public/apps/api/src/providers/google-ai-studio/endpoints/embeddings.ts:127:17)\n    at Module.exec (Z:/ai-stats-public/apps/api/src/providers/google-ai-studio/endpoints/embeddings.ts:192:29)\n    at Z:/ai-stats-public/apps/api/tests/provider-adapter-matrix.spec.ts:295:36\n    at file:///Z:/ai-stats-public/node_modules/.pnpm/@vitest+runner@4.0.18/node_modules/@vitest/runner/dist/index.js:915:20"],"meta":{}},{"ancestorTitles":["Provider adapter matrix (non-IR endpoints)","google-ai-studio"],"fullName":"Provider adapter matrix (non-IR endpoints) google-ai-studio images.generations","status":"failed","title":"images.generations","duration":2.7294999999999163,"failureMessages":["AssertionError: expected 0 to be greater than 0\n    at Object.expectNormalized (Z:/ai-stats-public/apps/api/tests/provider-adapter-matrix.spec.ts:89:50)\n    at Z:/ai-stats-public/apps/api/tests/provider-adapter-matrix.spec.ts:330:34\n    at processTicksAndRejections (node:internal/process/task_queues:105:5)\n    at file:///Z:/ai-stats-public/node_modules/.pnpm/@vitest+runner@4.0.18/node_modules/@vitest/runner/dist/index.js:915:20"],"meta":{}},{"ancestorTitles":["Provider adapter matrix (non-IR endpoints)","google-ai-studio"],"fullName":"Provider adapter matrix (non-IR endpoints) google-ai-studio images.edits","status":"passed","title":"images.edits","duration":0.32549999999991996,"failureMessages":[],"meta":{}},{"ancestorTitles":["Provider adapter matrix (non-IR endpoints)","google-ai-studio"],"fullName":"Provider adapter matrix (non-IR endpoints) google-ai-studio audio.speech","status":"passed","title":"audio.speech","duration":0.19499999999993634,"failureMessages":[],"meta":{}},{"ancestorTitles":["Provider adapter matrix (non-IR endpoints)","google-ai-studio"],"fullName":"Provider adapter matrix (non-IR endpoints) google-ai-studio audio.transcription","status":"passed","title":"audio.transcription","duration":0.3144999999999527,"failureMessages":[],"meta":{}},{"ancestorTitles":["Provider adapter matrix (non-IR endpoints)","google-ai-studio"],"fullName":"Provider adapter matrix (non-IR endpoints) google-ai-studio audio.translations","status":"passed","title":"audio.translations","duration":0.19240000000013424,"failureMessages":[],"meta":{}},{"ancestorTitles":["Provider adapter matrix (non-IR endpoints)","google-ai-studio"],"fullName":"Provider adapter matrix (non-IR endpoints) google-ai-studio video.generation","status":"failed","title":"video.generation","duration":1.1406999999999243,"failureMessages":["Error: Unexpected fetch call: POST https://generativelanguage.googleapis.com/v1beta/models/sora-mini:predictLongRunning?key=test-google-key\n    at globalThis.fetch (Z:/ai-stats-public/apps/api/tests/helpers/mock-fetch.ts:61:19)\n    at processTicksAndRejections (node:internal/process/task_queues:105:5)\n    at Module.exec (Z:/ai-stats-public/apps/api/src/providers/google-ai-studio/endpoints/video.ts:116:17)\n    at Z:/ai-stats-public/apps/api/tests/provider-adapter-matrix.spec.ts:295:36\n    at file:///Z:/ai-stats-public/node_modules/.pnpm/@vitest+runner@4.0.18/node_modules/@vitest/runner/dist/index.js:915:20"],"meta":{}},{"ancestorTitles":["Provider adapter matrix (non-IR endpoints)","google-ai-studio"],"fullName":"Provider adapter matrix (non-IR endpoints) google-ai-studio batch","status":"passed","title":"batch","duration":0.22440000000005966,"failureMessages":[],"meta":{}},{"ancestorTitles":["Provider adapter matrix (non-IR endpoints)","google-ai-studio"],"fullName":"Provider adapter matrix (non-IR endpoints) google-ai-studio ocr","status":"passed","title":"ocr","duration":0.14220000000000255,"failureMessages":[],"meta":{}},{"ancestorTitles":["Provider adapter matrix (non-IR endpoints)","google-ai-studio"],"fullName":"Provider adapter matrix (non-IR endpoints) google-ai-studio music.generate","status":"passed","title":"music.generate","duration":0.12329999999997199,"failureMessages":[],"meta":{}},{"ancestorTitles":["Provider adapter matrix (non-IR endpoints)","google-ai-studio"],"fullName":"Provider adapter matrix (non-IR endpoints) google-ai-studio files.upload","status":"passed","title":"files.upload","duration":0.1594000000000051,"failureMessages":[],"meta":{}},{"ancestorTitles":["Provider adapter matrix (non-IR endpoints)","google-ai-studio"],"fullName":"Provider adapter matrix (non-IR endpoints) google-ai-studio files.list","status":"passed","title":"files.list","duration":0.11860000000001492,"failureMessages":[],"meta":{}},{"ancestorTitles":["Provider adapter matrix (non-IR endpoints)","google-ai-studio"],"fullName":"Provider adapter matrix (non-IR endpoints) google-ai-studio files.retrieve","status":"passed","title":"files.retrieve","duration":0.14229999999997744,"failureMessages":[],"meta":{}},{"ancestorTitles":["Provider adapter matrix (non-IR endpoints)","anthropic"],"fullName":"Provider adapter matrix (non-IR endpoints) anthropic moderations","status":"passed","title":"moderations","duration":0.2054000000000542,"failureMessages":[],"meta":{}},{"ancestorTitles":["Provider adapter matrix (non-IR endpoints)","anthropic"],"fullName":"Provider adapter matrix (non-IR endpoints) anthropic embeddings","status":"passed","title":"embeddings","duration":0.12249999999994543,"failureMessages":[],"meta":{}},{"ancestorTitles":["Provider adapter matrix (non-IR endpoints)","anthropic"],"fullName":"Provider adapter matrix (non-IR endpoints) anthropic images.generations","status":"passed","title":"images.generations","duration":0.12629999999990105,"failureMessages":[],"meta":{}},{"ancestorTitles":["Provider adapter matrix (non-IR endpoints)","anthropic"],"fullName":"Provider adapter matrix (non-IR endpoints) anthropic images.edits","status":"passed","title":"images.edits","duration":0.1512000000000171,"failureMessages":[],"meta":{}},{"ancestorTitles":["Provider adapter matrix (non-IR endpoints)","anthropic"],"fullName":"Provider adapter matrix (non-IR endpoints) anthropic audio.speech","status":"passed","title":"audio.speech","duration":0.12149999999996908,"failureMessages":[],"meta":{}},{"ancestorTitles":["Provider adapter matrix (non-IR endpoints)","anthropic"],"fullName":"Provider adapter matrix (non-IR endpoints) anthropic audio.transcription","status":"passed","title":"audio.transcription","duration":0.11620000000016262,"failureMessages":[],"meta":{}},{"ancestorTitles":["Provider adapter matrix (non-IR endpoints)","anthropic"],"fullName":"Provider adapter matrix (non-IR endpoints) anthropic audio.translations","status":"passed","title":"audio.translations","duration":6.20010000000002,"failureMessages":[],"meta":{}},{"ancestorTitles":["Provider adapter matrix (non-IR endpoints)","anthropic"],"fullName":"Provider adapter matrix (non-IR endpoints) anthropic video.generation","status":"passed","title":"video.generation","duration":0.17039999999997235,"failureMessages":[],"meta":{}},{"ancestorTitles":["Provider adapter matrix (non-IR endpoints)","anthropic"],"fullName":"Provider adapter matrix (non-IR endpoints) anthropic batch","status":"passed","title":"batch","duration":0.11290000000008149,"failureMessages":[],"meta":{}},{"ancestorTitles":["Provider adapter matrix (non-IR endpoints)","anthropic"],"fullName":"Provider adapter matrix (non-IR endpoints) anthropic ocr","status":"passed","title":"ocr","duration":0.19290000000000873,"failureMessages":[],"meta":{}},{"ancestorTitles":["Provider adapter matrix (non-IR endpoints)","anthropic"],"fullName":"Provider adapter matrix (non-IR endpoints) anthropic music.generate","status":"passed","title":"music.generate","duration":0.09709999999995489,"failureMessages":[],"meta":{}},{"ancestorTitles":["Provider adapter matrix (non-IR endpoints)","anthropic"],"fullName":"Provider adapter matrix (non-IR endpoints) anthropic files.upload","status":"passed","title":"files.upload","duration":0.08580000000006294,"failureMessages":[],"meta":{}},{"ancestorTitles":["Provider adapter matrix (non-IR endpoints)","anthropic"],"fullName":"Provider adapter matrix (non-IR endpoints) anthropic files.list","status":"passed","title":"files.list","duration":0.07880000000000109,"failureMessages":[],"meta":{}},{"ancestorTitles":["Provider adapter matrix (non-IR endpoints)","anthropic"],"fullName":"Provider adapter matrix (non-IR endpoints) anthropic files.retrieve","status":"passed","title":"files.retrieve","duration":0.1529000000000451,"failureMessages":[],"meta":{}},{"ancestorTitles":["Provider adapter matrix (non-IR endpoints)","x-ai"],"fullName":"Provider adapter matrix (non-IR endpoints) x-ai moderations","status":"passed","title":"moderations","duration":0.875400000000127,"failureMessages":[],"meta":{}},{"ancestorTitles":["Provider adapter matrix (non-IR endpoints)","x-ai"],"fullName":"Provider adapter matrix (non-IR endpoints) x-ai embeddings","status":"passed","title":"embeddings","duration":0.29719999999997526,"failureMessages":[],"meta":{}},{"ancestorTitles":["Provider adapter matrix (non-IR endpoints)","x-ai"],"fullName":"Provider adapter matrix (non-IR endpoints) x-ai images.generations","status":"passed","title":"images.generations","duration":0.20190000000002328,"failureMessages":[],"meta":{}},{"ancestorTitles":["Provider adapter matrix (non-IR endpoints)","x-ai"],"fullName":"Provider adapter matrix (non-IR endpoints) x-ai images.edits","status":"passed","title":"images.edits","duration":0.6647000000000389,"failureMessages":[],"meta":{}},{"ancestorTitles":["Provider adapter matrix (non-IR endpoints)","x-ai"],"fullName":"Provider adapter matrix (non-IR endpoints) x-ai audio.speech","status":"passed","title":"audio.speech","duration":0.22550000000001091,"failureMessages":[],"meta":{}},{"ancestorTitles":["Provider adapter matrix (non-IR endpoints)","x-ai"],"fullName":"Provider adapter matrix (non-IR endpoints) x-ai audio.transcription","status":"passed","title":"audio.transcription","duration":0.20859999999993306,"failureMessages":[],"meta":{}},{"ancestorTitles":["Provider adapter matrix (non-IR endpoints)","x-ai"],"fullName":"Provider adapter matrix (non-IR endpoints) x-ai audio.translations","status":"passed","title":"audio.translations","duration":0.17579999999998108,"failureMessages":[],"meta":{}},{"ancestorTitles":["Provider adapter matrix (non-IR endpoints)","x-ai"],"fullName":"Provider adapter matrix (non-IR endpoints) x-ai video.generation","status":"passed","title":"video.generation","duration":0.24459999999999127,"failureMessages":[],"meta":{}},{"ancestorTitles":["Provider adapter matrix (non-IR endpoints)","x-ai"],"fullName":"Provider adapter matrix (non-IR endpoints) x-ai batch","status":"passed","title":"batch","duration":0.2682999999999538,"failureMessages":[],"meta":{}},{"ancestorTitles":["Provider adapter matrix (non-IR endpoints)","x-ai"],"fullName":"Provider adapter matrix (non-IR endpoints) x-ai ocr","status":"passed","title":"ocr","duration":0.6677000000001954,"failureMessages":[],"meta":{}},{"ancestorTitles":["Provider adapter matrix (non-IR endpoints)","x-ai"],"fullName":"Provider adapter matrix (non-IR endpoints) x-ai music.generate","status":"passed","title":"music.generate","duration":0.14790000000016335,"failureMessages":[],"meta":{}},{"ancestorTitles":["Provider adapter matrix (non-IR endpoints)","x-ai"],"fullName":"Provider adapter matrix (non-IR endpoints) x-ai files.upload","status":"passed","title":"files.upload","duration":0.20479999999997744,"failureMessages":[],"meta":{}},{"ancestorTitles":["Provider adapter matrix (non-IR endpoints)","x-ai"],"fullName":"Provider adapter matrix (non-IR endpoints) x-ai files.list","status":"passed","title":"files.list","duration":0.11290000000008149,"failureMessages":[],"meta":{}},{"ancestorTitles":["Provider adapter matrix (non-IR endpoints)","x-ai"],"fullName":"Provider adapter matrix (non-IR endpoints) x-ai files.retrieve","status":"passed","title":"files.retrieve","duration":0.11429999999995744,"failureMessages":[],"meta":{}},{"ancestorTitles":["Provider adapter matrix (non-IR endpoints)","xai"],"fullName":"Provider adapter matrix (non-IR endpoints) xai moderations","status":"passed","title":"moderations","duration":1.052500000000009,"failureMessages":[],"meta":{}},{"ancestorTitles":["Provider adapter matrix (non-IR endpoints)","xai"],"fullName":"Provider adapter matrix (non-IR endpoints) xai embeddings","status":"passed","title":"embeddings","duration":1.7835999999999785,"failureMessages":[],"meta":{}},{"ancestorTitles":["Provider adapter matrix (non-IR endpoints)","xai"],"fullName":"Provider adapter matrix (non-IR endpoints) xai images.generations","status":"passed","title":"images.generations","duration":0.6816999999998643,"failureMessages":[],"meta":{}},{"ancestorTitles":["Provider adapter matrix (non-IR endpoints)","xai"],"fullName":"Provider adapter matrix (non-IR endpoints) xai images.edits","status":"passed","title":"images.edits","duration":0.9250999999999294,"failureMessages":[],"meta":{}},{"ancestorTitles":["Provider adapter matrix (non-IR endpoints)","xai"],"fullName":"Provider adapter matrix (non-IR endpoints) xai audio.speech","status":"passed","title":"audio.speech","duration":0.22730000000001382,"failureMessages":[],"meta":{}},{"ancestorTitles":["Provider adapter matrix (non-IR endpoints)","xai"],"fullName":"Provider adapter matrix (non-IR endpoints) xai audio.transcription","status":"failed","title":"audio.transcription","duration":0.4451000000001386,"failureMessages":["ZodError: [\n  {\n    \"code\": \"custom\",\n    \"message\": \"file is required\",\n    \"fatal\": true,\n    \"path\": [\n      \"file\"\n    ]\n  }\n]\n    at Object.get error [as error] (file:///Z:/ai-stats-public/node_modules/.pnpm/zod@3.25.76/node_modules/zod/v3/types.js:39:31)\n    at ZodObject.parse (file:///Z:/ai-stats-public/node_modules/.pnpm/zod@3.25.76/node_modules/zod/v3/types.js:114:22)\n    at buildAdapterPayload (Z:/ai-stats-public/apps/api/src/providers/utils.ts:20:30)\n    at Module.exec (Z:/ai-stats-public/apps/api/src/providers/openai/endpoints/audio-transcription.ts:38:28)\n    at processTicksAndRejections (node:internal/process/task_queues:105:5)"],"meta":{}},{"ancestorTitles":["Provider adapter matrix (non-IR endpoints)","xai"],"fullName":"Provider adapter matrix (non-IR endpoints) xai audio.translations","status":"failed","title":"audio.translations","duration":0.2723000000000866,"failureMessages":["ZodError: [\n  {\n    \"code\": \"custom\",\n    \"message\": \"file is required\",\n    \"fatal\": true,\n    \"path\": [\n      \"file\"\n    ]\n  }\n]\n    at Object.get error [as error] (file:///Z:/ai-stats-public/node_modules/.pnpm/zod@3.25.76/node_modules/zod/v3/types.js:39:31)\n    at ZodObject.parse (file:///Z:/ai-stats-public/node_modules/.pnpm/zod@3.25.76/node_modules/zod/v3/types.js:114:22)\n    at buildAdapterPayload (Z:/ai-stats-public/apps/api/src/providers/utils.ts:20:30)\n    at Module.exec (Z:/ai-stats-public/apps/api/src/providers/openai/endpoints/audio-translation.ts:37:28)\n    at processTicksAndRejections (node:internal/process/task_queues:105:5)"],"meta":{}},{"ancestorTitles":["Provider adapter matrix (non-IR endpoints)","xai"],"fullName":"Provider adapter matrix (non-IR endpoints) xai video.generation","status":"passed","title":"video.generation","duration":0.4574000000000069,"failureMessages":[],"meta":{}},{"ancestorTitles":["Provider adapter matrix (non-IR endpoints)","xai"],"fullName":"Provider adapter matrix (non-IR endpoints) xai batch","status":"failed","title":"batch","duration":0.3869999999999436,"failureMessages":["Error: xai: unsupported endpoint batch\n    at Object.execute (Z:/ai-stats-public/apps/api/src/providers/openai-compatible/index.ts:47:27)\n    at Z:/ai-stats-public/apps/api/tests/provider-adapter-matrix.spec.ts:295:50\n    at file:///Z:/ai-stats-public/node_modules/.pnpm/@vitest+runner@4.0.18/node_modules/@vitest/runner/dist/index.js:145:11\n    at file:///Z:/ai-stats-public/node_modules/.pnpm/@vitest+runner@4.0.18/node_modules/@vitest/runner/dist/index.js:915:26\n    at file:///Z:/ai-stats-public/node_modules/.pnpm/@vitest+runner@4.0.18/node_modules/@vitest/runner/dist/index.js:1243:20\n    at new Promise (<anonymous>)\n    at runWithTimeout (file:///Z:/ai-stats-public/node_modules/.pnpm/@vitest+runner@4.0.18/node_modules/@vitest/runner/dist/index.js:1209:10)\n    at file:///Z:/ai-stats-public/node_modules/.pnpm/@vitest+runner@4.0.18/node_modules/@vitest/runner/dist/index.js:1653:37\n    at Traces.$ (file:///Z:/ai-stats-public/node_modules/.pnpm/vitest@4.0.18_@opentelemetr_b3d38756a34a0c2905465316623765c2/node_modules/vitest/dist/chunks/traces.CCmnQaNT.js:142:27)\n    at trace (file:///Z:/ai-stats-public/node_modules/.pnpm/vitest@4.0.18_@opentelemetr_b3d38756a34a0c2905465316623765c2/node_modules/vitest/dist/chunks/test.B8ej_ZHS.js:239:21)"],"meta":{}},{"ancestorTitles":["Provider adapter matrix (non-IR endpoints)","xai"],"fullName":"Provider adapter matrix (non-IR endpoints) xai ocr","status":"passed","title":"ocr","duration":0.1093999999998232,"failureMessages":[],"meta":{}},{"ancestorTitles":["Provider adapter matrix (non-IR endpoints)","xai"],"fullName":"Provider adapter matrix (non-IR endpoints) xai music.generate","status":"passed","title":"music.generate","duration":0.08320000000003347,"failureMessages":[],"meta":{}},{"ancestorTitles":["Provider adapter matrix (non-IR endpoints)","xai"],"fullName":"Provider adapter matrix (non-IR endpoints) xai files.upload","status":"passed","title":"files.upload","duration":0.07960000000002765,"failureMessages":[],"meta":{}},{"ancestorTitles":["Provider adapter matrix (non-IR endpoints)","xai"],"fullName":"Provider adapter matrix (non-IR endpoints) xai files.list","status":"passed","title":"files.list","duration":0.10349999999993997,"failureMessages":[],"meta":{}},{"ancestorTitles":["Provider adapter matrix (non-IR endpoints)","xai"],"fullName":"Provider adapter matrix (non-IR endpoints) xai files.retrieve","status":"passed","title":"files.retrieve","duration":0.3572999999998956,"failureMessages":[],"meta":{}},{"ancestorTitles":["Provider adapter matrix (non-IR endpoints)","xiaomi"],"fullName":"Provider adapter matrix (non-IR endpoints) xiaomi moderations","status":"passed","title":"moderations","duration":0.36590000000001055,"failureMessages":[],"meta":{}},{"ancestorTitles":["Provider adapter matrix (non-IR endpoints)","xiaomi"],"fullName":"Provider adapter matrix (non-IR endpoints) xiaomi embeddings","status":"passed","title":"embeddings","duration":0.20890000000008513,"failureMessages":[],"meta":{}},{"ancestorTitles":["Provider adapter matrix (non-IR endpoints)","xiaomi"],"fullName":"Provider adapter matrix (non-IR endpoints) xiaomi images.generations","status":"passed","title":"images.generations","duration":0.12420000000020082,"failureMessages":[],"meta":{}},{"ancestorTitles":["Provider adapter matrix (non-IR endpoints)","xiaomi"],"fullName":"Provider adapter matrix (non-IR endpoints) xiaomi images.edits","status":"passed","title":"images.edits","duration":0.12850000000003092,"failureMessages":[],"meta":{}},{"ancestorTitles":["Provider adapter matrix (non-IR endpoints)","xiaomi"],"fullName":"Provider adapter matrix (non-IR endpoints) xiaomi audio.speech","status":"passed","title":"audio.speech","duration":0.13139999999998508,"failureMessages":[],"meta":{}},{"ancestorTitles":["Provider adapter matrix (non-IR endpoints)","xiaomi"],"fullName":"Provider adapter matrix (non-IR endpoints) xiaomi audio.transcription","status":"passed","title":"audio.transcription","duration":0.12869999999998072,"failureMessages":[],"meta":{}},{"ancestorTitles":["Provider adapter matrix (non-IR endpoints)","xiaomi"],"fullName":"Provider adapter matrix (non-IR endpoints) xiaomi audio.translations","status":"passed","title":"audio.translations","duration":0.1272999999998774,"failureMessages":[],"meta":{}},{"ancestorTitles":["Provider adapter matrix (non-IR endpoints)","xiaomi"],"fullName":"Provider adapter matrix (non-IR endpoints) xiaomi video.generation","status":"passed","title":"video.generation","duration":0.16239999999993415,"failureMessages":[],"meta":{}},{"ancestorTitles":["Provider adapter matrix (non-IR endpoints)","xiaomi"],"fullName":"Provider adapter matrix (non-IR endpoints) xiaomi batch","status":"passed","title":"batch","duration":0.14220000000000255,"failureMessages":[],"meta":{}},{"ancestorTitles":["Provider adapter matrix (non-IR endpoints)","xiaomi"],"fullName":"Provider adapter matrix (non-IR endpoints) xiaomi ocr","status":"passed","title":"ocr","duration":0.20479999999997744,"failureMessages":[],"meta":{}},{"ancestorTitles":["Provider adapter matrix (non-IR endpoints)","xiaomi"],"fullName":"Provider adapter matrix (non-IR endpoints) xiaomi music.generate","status":"passed","title":"music.generate","duration":0.15610000000015134,"failureMessages":[],"meta":{}},{"ancestorTitles":["Provider adapter matrix (non-IR endpoints)","xiaomi"],"fullName":"Provider adapter matrix (non-IR endpoints) xiaomi files.upload","status":"passed","title":"files.upload","duration":0.13949999999999818,"failureMessages":[],"meta":{}},{"ancestorTitles":["Provider adapter matrix (non-IR endpoints)","xiaomi"],"fullName":"Provider adapter matrix (non-IR endpoints) xiaomi files.list","status":"passed","title":"files.list","duration":0.1515999999999167,"failureMessages":[],"meta":{}},{"ancestorTitles":["Provider adapter matrix (non-IR endpoints)","xiaomi"],"fullName":"Provider adapter matrix (non-IR endpoints) xiaomi files.retrieve","status":"passed","title":"files.retrieve","duration":0.1733999999999014,"failureMessages":[],"meta":{}},{"ancestorTitles":["Provider adapter matrix (non-IR endpoints)","azure"],"fullName":"Provider adapter matrix (non-IR endpoints) azure moderations","status":"passed","title":"moderations","duration":0.6917999999998301,"failureMessages":[],"meta":{}},{"ancestorTitles":["Provider adapter matrix (non-IR endpoints)","azure"],"fullName":"Provider adapter matrix (non-IR endpoints) azure embeddings","status":"passed","title":"embeddings","duration":1.442199999999957,"failureMessages":[],"meta":{}},{"ancestorTitles":["Provider adapter matrix (non-IR endpoints)","azure"],"fullName":"Provider adapter matrix (non-IR endpoints) azure images.generations","status":"passed","title":"images.generations","duration":0.1431999999999789,"failureMessages":[],"meta":{}},{"ancestorTitles":["Provider adapter matrix (non-IR endpoints)","azure"],"fullName":"Provider adapter matrix (non-IR endpoints) azure images.edits","status":"passed","title":"images.edits","duration":0.13589999999999236,"failureMessages":[],"meta":{}},{"ancestorTitles":["Provider adapter matrix (non-IR endpoints)","azure"],"fullName":"Provider adapter matrix (non-IR endpoints) azure audio.speech","status":"passed","title":"audio.speech","duration":0.14530000000013388,"failureMessages":[],"meta":{}},{"ancestorTitles":["Provider adapter matrix (non-IR endpoints)","azure"],"fullName":"Provider adapter matrix (non-IR endpoints) azure audio.transcription","status":"passed","title":"audio.transcription","duration":0.15530000000012478,"failureMessages":[],"meta":{}},{"ancestorTitles":["Provider adapter matrix (non-IR endpoints)","azure"],"fullName":"Provider adapter matrix (non-IR endpoints) azure audio.translations","status":"passed","title":"audio.translations","duration":0.08320000000003347,"failureMessages":[],"meta":{}},{"ancestorTitles":["Provider adapter matrix (non-IR endpoints)","azure"],"fullName":"Provider adapter matrix (non-IR endpoints) azure video.generation","status":"passed","title":"video.generation","duration":0.10410000000001673,"failureMessages":[],"meta":{}},{"ancestorTitles":["Provider adapter matrix (non-IR endpoints)","azure"],"fullName":"Provider adapter matrix (non-IR endpoints) azure batch","status":"passed","title":"batch","duration":0.09960000000000946,"failureMessages":[],"meta":{}},{"ancestorTitles":["Provider adapter matrix (non-IR endpoints)","azure"],"fullName":"Provider adapter matrix (non-IR endpoints) azure ocr","status":"passed","title":"ocr","duration":0.08729999999991378,"failureMessages":[],"meta":{}},{"ancestorTitles":["Provider adapter matrix (non-IR endpoints)","azure"],"fullName":"Provider adapter matrix (non-IR endpoints) azure music.generate","status":"passed","title":"music.generate","duration":0.07770000000004984,"failureMessages":[],"meta":{}},{"ancestorTitles":["Provider adapter matrix (non-IR endpoints)","azure"],"fullName":"Provider adapter matrix (non-IR endpoints) azure files.upload","status":"passed","title":"files.upload","duration":0.07409999999981665,"failureMessages":[],"meta":{}},{"ancestorTitles":["Provider adapter matrix (non-IR endpoints)","azure"],"fullName":"Provider adapter matrix (non-IR endpoints) azure files.list","status":"passed","title":"files.list","duration":0.07549999999991996,"failureMessages":[],"meta":{}},{"ancestorTitles":["Provider adapter matrix (non-IR endpoints)","azure"],"fullName":"Provider adapter matrix (non-IR endpoints) azure files.retrieve","status":"passed","title":"files.retrieve","duration":0.09659999999985303,"failureMessages":[],"meta":{}},{"ancestorTitles":["Provider adapter matrix (non-IR endpoints)","ai21"],"fullName":"Provider adapter matrix (non-IR endpoints) ai21 moderations","status":"passed","title":"moderations","duration":0.20720000000005712,"failureMessages":[],"meta":{}},{"ancestorTitles":["Provider adapter matrix (non-IR endpoints)","ai21"],"fullName":"Provider adapter matrix (non-IR endpoints) ai21 embeddings","status":"passed","title":"embeddings","duration":0.11959999999999127,"failureMessages":[],"meta":{}},{"ancestorTitles":["Provider adapter matrix (non-IR endpoints)","ai21"],"fullName":"Provider adapter matrix (non-IR endpoints) ai21 images.generations","status":"passed","title":"images.generations","duration":0.1654999999998381,"failureMessages":[],"meta":{}},{"ancestorTitles":["Provider adapter matrix (non-IR endpoints)","ai21"],"fullName":"Provider adapter matrix (non-IR endpoints) ai21 images.edits","status":"passed","title":"images.edits","duration":0.12850000000003092,"failureMessages":[],"meta":{}},{"ancestorTitles":["Provider adapter matrix (non-IR endpoints)","ai21"],"fullName":"Provider adapter matrix (non-IR endpoints) ai21 audio.speech","status":"passed","title":"audio.speech","duration":0.11580000000003565,"failureMessages":[],"meta":{}},{"ancestorTitles":["Provider adapter matrix (non-IR endpoints)","ai21"],"fullName":"Provider adapter matrix (non-IR endpoints) ai21 audio.transcription","status":"passed","title":"audio.transcription","duration":0.11989999999991596,"failureMessages":[],"meta":{}},{"ancestorTitles":["Provider adapter matrix (non-IR endpoints)","ai21"],"fullName":"Provider adapter matrix (non-IR endpoints) ai21 audio.translations","status":"passed","title":"audio.translations","duration":0.10789999999997235,"failureMessages":[],"meta":{}},{"ancestorTitles":["Provider adapter matrix (non-IR endpoints)","ai21"],"fullName":"Provider adapter matrix (non-IR endpoints) ai21 video.generation","status":"passed","title":"video.generation","duration":0.2680000000000291,"failureMessages":[],"meta":{}},{"ancestorTitles":["Provider adapter matrix (non-IR endpoints)","ai21"],"fullName":"Provider adapter matrix (non-IR endpoints) ai21 batch","status":"passed","title":"batch","duration":0.12969999999995707,"failureMessages":[],"meta":{}},{"ancestorTitles":["Provider adapter matrix (non-IR endpoints)","ai21"],"fullName":"Provider adapter matrix (non-IR endpoints) ai21 ocr","status":"passed","title":"ocr","duration":0.08600000000001273,"failureMessages":[],"meta":{}},{"ancestorTitles":["Provider adapter matrix (non-IR endpoints)","ai21"],"fullName":"Provider adapter matrix (non-IR endpoints) ai21 music.generate","status":"passed","title":"music.generate","duration":0.07749999999987267,"failureMessages":[],"meta":{}},{"ancestorTitles":["Provider adapter matrix (non-IR endpoints)","ai21"],"fullName":"Provider adapter matrix (non-IR endpoints) ai21 files.upload","status":"passed","title":"files.upload","duration":0.07330000000001746,"failureMessages":[],"meta":{}},{"ancestorTitles":["Provider adapter matrix (non-IR endpoints)","ai21"],"fullName":"Provider adapter matrix (non-IR endpoints) ai21 files.list","status":"passed","title":"files.list","duration":0.0724999999999909,"failureMessages":[],"meta":{}},{"ancestorTitles":["Provider adapter matrix (non-IR endpoints)","ai21"],"fullName":"Provider adapter matrix (non-IR endpoints) ai21 files.retrieve","status":"passed","title":"files.retrieve","duration":0.07390000000009422,"failureMessages":[],"meta":{}},{"ancestorTitles":["Provider adapter matrix (non-IR endpoints)","arcee"],"fullName":"Provider adapter matrix (non-IR endpoints) arcee moderations","status":"passed","title":"moderations","duration":0.6440000000000055,"failureMessages":[],"meta":{}},{"ancestorTitles":["Provider adapter matrix (non-IR endpoints)","arcee"],"fullName":"Provider adapter matrix (non-IR endpoints) arcee embeddings","status":"passed","title":"embeddings","duration":0.4736000000000331,"failureMessages":[],"meta":{}},{"ancestorTitles":["Provider adapter matrix (non-IR endpoints)","arcee"],"fullName":"Provider adapter matrix (non-IR endpoints) arcee images.generations","status":"passed","title":"images.generations","duration":0.5217999999999847,"failureMessages":[],"meta":{}},{"ancestorTitles":["Provider adapter matrix (non-IR endpoints)","arcee"],"fullName":"Provider adapter matrix (non-IR endpoints) arcee images.edits","status":"passed","title":"images.edits","duration":0.6868999999999232,"failureMessages":[],"meta":{}},{"ancestorTitles":["Provider adapter matrix (non-IR endpoints)","arcee"],"fullName":"Provider adapter matrix (non-IR endpoints) arcee audio.speech","status":"passed","title":"audio.speech","duration":0.26739999999995234,"failureMessages":[],"meta":{}},{"ancestorTitles":["Provider adapter matrix (non-IR endpoints)","arcee"],"fullName":"Provider adapter matrix (non-IR endpoints) arcee audio.transcription","status":"failed","title":"audio.transcription","duration":3.404700000000048,"failureMessages":["ZodError: [\n  {\n    \"code\": \"custom\",\n    \"message\": \"file is required\",\n    \"fatal\": true,\n    \"path\": [\n      \"file\"\n    ]\n  }\n]\n    at Object.get error [as error] (file:///Z:/ai-stats-public/node_modules/.pnpm/zod@3.25.76/node_modules/zod/v3/types.js:39:31)\n    at ZodObject.parse (file:///Z:/ai-stats-public/node_modules/.pnpm/zod@3.25.76/node_modules/zod/v3/types.js:114:22)\n    at buildAdapterPayload (Z:/ai-stats-public/apps/api/src/providers/utils.ts:20:30)\n    at Module.exec (Z:/ai-stats-public/apps/api/src/providers/openai/endpoints/audio-transcription.ts:38:28)\n    at processTicksAndRejections (node:internal/process/task_queues:105:5)"],"meta":{}},{"ancestorTitles":["Provider adapter matrix (non-IR endpoints)","arcee"],"fullName":"Provider adapter matrix (non-IR endpoints) arcee audio.translations","status":"failed","title":"audio.translations","duration":0.9455000000000382,"failureMessages":["ZodError: [\n  {\n    \"code\": \"custom\",\n    \"message\": \"file is required\",\n    \"fatal\": true,\n    \"path\": [\n      \"file\"\n    ]\n  }\n]\n    at Object.get error [as error] (file:///Z:/ai-stats-public/node_modules/.pnpm/zod@3.25.76/node_modules/zod/v3/types.js:39:31)\n    at ZodObject.parse (file:///Z:/ai-stats-public/node_modules/.pnpm/zod@3.25.76/node_modules/zod/v3/types.js:114:22)\n    at buildAdapterPayload (Z:/ai-stats-public/apps/api/src/providers/utils.ts:20:30)\n    at Module.exec (Z:/ai-stats-public/apps/api/src/providers/openai/endpoints/audio-translation.ts:37:28)\n    at processTicksAndRejections (node:internal/process/task_queues:105:5)"],"meta":{}},{"ancestorTitles":["Provider adapter matrix (non-IR endpoints)","arcee"],"fullName":"Provider adapter matrix (non-IR endpoints) arcee video.generation","status":"passed","title":"video.generation","duration":0.9012000000000171,"failureMessages":[],"meta":{}},{"ancestorTitles":["Provider adapter matrix (non-IR endpoints)","arcee"],"fullName":"Provider adapter matrix (non-IR endpoints) arcee batch","status":"failed","title":"batch","duration":0.42039999999997235,"failureMessages":["Error: arcee: unsupported endpoint batch\n    at Object.execute (Z:/ai-stats-public/apps/api/src/providers/openai-compatible/index.ts:47:27)\n    at Z:/ai-stats-public/apps/api/tests/provider-adapter-matrix.spec.ts:295:50\n    at file:///Z:/ai-stats-public/node_modules/.pnpm/@vitest+runner@4.0.18/node_modules/@vitest/runner/dist/index.js:145:11\n    at file:///Z:/ai-stats-public/node_modules/.pnpm/@vitest+runner@4.0.18/node_modules/@vitest/runner/dist/index.js:915:26\n    at file:///Z:/ai-stats-public/node_modules/.pnpm/@vitest+runner@4.0.18/node_modules/@vitest/runner/dist/index.js:1243:20\n    at new Promise (<anonymous>)\n    at runWithTimeout (file:///Z:/ai-stats-public/node_modules/.pnpm/@vitest+runner@4.0.18/node_modules/@vitest/runner/dist/index.js:1209:10)\n    at file:///Z:/ai-stats-public/node_modules/.pnpm/@vitest+runner@4.0.18/node_modules/@vitest/runner/dist/index.js:1653:37\n    at Traces.$ (file:///Z:/ai-stats-public/node_modules/.pnpm/vitest@4.0.18_@opentelemetr_b3d38756a34a0c2905465316623765c2/node_modules/vitest/dist/chunks/traces.CCmnQaNT.js:142:27)\n    at trace (file:///Z:/ai-stats-public/node_modules/.pnpm/vitest@4.0.18_@opentelemetr_b3d38756a34a0c2905465316623765c2/node_modules/vitest/dist/chunks/test.B8ej_ZHS.js:239:21)"],"meta":{}},{"ancestorTitles":["Provider adapter matrix (non-IR endpoints)","arcee"],"fullName":"Provider adapter matrix (non-IR endpoints) arcee ocr","status":"passed","title":"ocr","duration":0.16589999999996508,"failureMessages":[],"meta":{}},{"ancestorTitles":["Provider adapter matrix (non-IR endpoints)","arcee"],"fullName":"Provider adapter matrix (non-IR endpoints) arcee music.generate","status":"passed","title":"music.generate","duration":0.15779999999995198,"failureMessages":[],"meta":{}},{"ancestorTitles":["Provider adapter matrix (non-IR endpoints)","arcee"],"fullName":"Provider adapter matrix (non-IR endpoints) arcee files.upload","status":"passed","title":"files.upload","duration":0.1330000000000382,"failureMessages":[],"meta":{}},{"ancestorTitles":["Provider adapter matrix (non-IR endpoints)","arcee"],"fullName":"Provider adapter matrix (non-IR endpoints) arcee files.list","status":"passed","title":"files.list","duration":0.12779999999997926,"failureMessages":[],"meta":{}},{"ancestorTitles":["Provider adapter matrix (non-IR endpoints)","arcee"],"fullName":"Provider adapter matrix (non-IR endpoints) arcee files.retrieve","status":"passed","title":"files.retrieve","duration":0.10960000000000036,"failureMessages":[],"meta":{}},{"ancestorTitles":["Provider adapter matrix (non-IR endpoints)","arcee-ai"],"fullName":"Provider adapter matrix (non-IR endpoints) arcee-ai moderations","status":"passed","title":"moderations","duration":0.5674999999998818,"failureMessages":[],"meta":{}},{"ancestorTitles":["Provider adapter matrix (non-IR endpoints)","arcee-ai"],"fullName":"Provider adapter matrix (non-IR endpoints) arcee-ai embeddings","status":"passed","title":"embeddings","duration":0.46890000000007603,"failureMessages":[],"meta":{}},{"ancestorTitles":["Provider adapter matrix (non-IR endpoints)","arcee-ai"],"fullName":"Provider adapter matrix (non-IR endpoints) arcee-ai images.generations","status":"passed","title":"images.generations","duration":0.4180999999998676,"failureMessages":[],"meta":{}},{"ancestorTitles":["Provider adapter matrix (non-IR endpoints)","arcee-ai"],"fullName":"Provider adapter matrix (non-IR endpoints) arcee-ai images.edits","status":"passed","title":"images.edits","duration":0.5098000000000411,"failureMessages":[],"meta":{}},{"ancestorTitles":["Provider adapter matrix (non-IR endpoints)","arcee-ai"],"fullName":"Provider adapter matrix (non-IR endpoints) arcee-ai audio.speech","status":"passed","title":"audio.speech","duration":0.20770000000015898,"failureMessages":[],"meta":{}},{"ancestorTitles":["Provider adapter matrix (non-IR endpoints)","arcee-ai"],"fullName":"Provider adapter matrix (non-IR endpoints) arcee-ai audio.transcription","status":"failed","title":"audio.transcription","duration":0.5027000000000044,"failureMessages":["ZodError: [\n  {\n    \"code\": \"custom\",\n    \"message\": \"file is required\",\n    \"fatal\": true,\n    \"path\": [\n      \"file\"\n    ]\n  }\n]\n    at Object.get error [as error] (file:///Z:/ai-stats-public/node_modules/.pnpm/zod@3.25.76/node_modules/zod/v3/types.js:39:31)\n    at ZodObject.parse (file:///Z:/ai-stats-public/node_modules/.pnpm/zod@3.25.76/node_modules/zod/v3/types.js:114:22)\n    at buildAdapterPayload (Z:/ai-stats-public/apps/api/src/providers/utils.ts:20:30)\n    at Module.exec (Z:/ai-stats-public/apps/api/src/providers/openai/endpoints/audio-transcription.ts:38:28)\n    at processTicksAndRejections (node:internal/process/task_queues:105:5)"],"meta":{}},{"ancestorTitles":["Provider adapter matrix (non-IR endpoints)","arcee-ai"],"fullName":"Provider adapter matrix (non-IR endpoints) arcee-ai audio.translations","status":"failed","title":"audio.translations","duration":0.34009999999989304,"failureMessages":["ZodError: [\n  {\n    \"code\": \"custom\",\n    \"message\": \"file is required\",\n    \"fatal\": true,\n    \"path\": [\n      \"file\"\n    ]\n  }\n]\n    at Object.get error [as error] (file:///Z:/ai-stats-public/node_modules/.pnpm/zod@3.25.76/node_modules/zod/v3/types.js:39:31)\n    at ZodObject.parse (file:///Z:/ai-stats-public/node_modules/.pnpm/zod@3.25.76/node_modules/zod/v3/types.js:114:22)\n    at buildAdapterPayload (Z:/ai-stats-public/apps/api/src/providers/utils.ts:20:30)\n    at Module.exec (Z:/ai-stats-public/apps/api/src/providers/openai/endpoints/audio-translation.ts:37:28)\n    at processTicksAndRejections (node:internal/process/task_queues:105:5)"],"meta":{}},{"ancestorTitles":["Provider adapter matrix (non-IR endpoints)","arcee-ai"],"fullName":"Provider adapter matrix (non-IR endpoints) arcee-ai video.generation","status":"passed","title":"video.generation","duration":0.37000000000011823,"failureMessages":[],"meta":{}},{"ancestorTitles":["Provider adapter matrix (non-IR endpoints)","arcee-ai"],"fullName":"Provider adapter matrix (non-IR endpoints) arcee-ai batch","status":"failed","title":"batch","duration":0.31780000000003383,"failureMessages":["Error: arcee-ai: unsupported endpoint batch\n    at Object.execute (Z:/ai-stats-public/apps/api/src/providers/openai-compatible/index.ts:47:27)\n    at Z:/ai-stats-public/apps/api/tests/provider-adapter-matrix.spec.ts:295:50\n    at file:///Z:/ai-stats-public/node_modules/.pnpm/@vitest+runner@4.0.18/node_modules/@vitest/runner/dist/index.js:145:11\n    at file:///Z:/ai-stats-public/node_modules/.pnpm/@vitest+runner@4.0.18/node_modules/@vitest/runner/dist/index.js:915:26\n    at file:///Z:/ai-stats-public/node_modules/.pnpm/@vitest+runner@4.0.18/node_modules/@vitest/runner/dist/index.js:1243:20\n    at new Promise (<anonymous>)\n    at runWithTimeout (file:///Z:/ai-stats-public/node_modules/.pnpm/@vitest+runner@4.0.18/node_modules/@vitest/runner/dist/index.js:1209:10)\n    at file:///Z:/ai-stats-public/node_modules/.pnpm/@vitest+runner@4.0.18/node_modules/@vitest/runner/dist/index.js:1653:37\n    at Traces.$ (file:///Z:/ai-stats-public/node_modules/.pnpm/vitest@4.0.18_@opentelemetr_b3d38756a34a0c2905465316623765c2/node_modules/vitest/dist/chunks/traces.CCmnQaNT.js:142:27)\n    at trace (file:///Z:/ai-stats-public/node_modules/.pnpm/vitest@4.0.18_@opentelemetr_b3d38756a34a0c2905465316623765c2/node_modules/vitest/dist/chunks/test.B8ej_ZHS.js:239:21)"],"meta":{}},{"ancestorTitles":["Provider adapter matrix (non-IR endpoints)","arcee-ai"],"fullName":"Provider adapter matrix (non-IR endpoints) arcee-ai ocr","status":"passed","title":"ocr","duration":0.15620000000012624,"failureMessages":[],"meta":{}},{"ancestorTitles":["Provider adapter matrix (non-IR endpoints)","arcee-ai"],"fullName":"Provider adapter matrix (non-IR endpoints) arcee-ai music.generate","status":"passed","title":"music.generate","duration":0.12809999999990396,"failureMessages":[],"meta":{}},{"ancestorTitles":["Provider adapter matrix (non-IR endpoints)","arcee-ai"],"fullName":"Provider adapter matrix (non-IR endpoints) arcee-ai files.upload","status":"passed","title":"files.upload","duration":0.11350000000015825,"failureMessages":[],"meta":{}},{"ancestorTitles":["Provider adapter matrix (non-IR endpoints)","arcee-ai"],"fullName":"Provider adapter matrix (non-IR endpoints) arcee-ai files.list","status":"passed","title":"files.list","duration":0.11580000000003565,"failureMessages":[],"meta":{}},{"ancestorTitles":["Provider adapter matrix (non-IR endpoints)","arcee-ai"],"fullName":"Provider adapter matrix (non-IR endpoints) arcee-ai files.retrieve","status":"passed","title":"files.retrieve","duration":0.1689000000001215,"failureMessages":[],"meta":{}},{"ancestorTitles":["Provider adapter matrix (non-IR endpoints)","bytedance-seed"],"fullName":"Provider adapter matrix (non-IR endpoints) bytedance-seed moderations","status":"failed","title":"moderations","duration":1.6043999999999414,"failureMessages":["Error: bytedance-seed_base_url_missing\n    at resolveOpenAICompatConfig (Z:/ai-stats-public/apps/api/src/providers/openai-compatible/config.ts:544:15)\n    at resolveOpenAICompatKey (Z:/ai-stats-public/apps/api/src/providers/openai-compatible/config.ts:632:20)\n    at Module.exec (Z:/ai-stats-public/apps/api/src/providers/openai/endpoints/moderations.ts:45:27)\n    at Object.execute (Z:/ai-stats-public/apps/api/src/providers/openai-compatible/index.ts:31:40)\n    at Z:/ai-stats-public/apps/api/tests/provider-adapter-matrix.spec.ts:295:50\n    at file:///Z:/ai-stats-public/node_modules/.pnpm/@vitest+runner@4.0.18/node_modules/@vitest/runner/dist/index.js:145:11\n    at file:///Z:/ai-stats-public/node_modules/.pnpm/@vitest+runner@4.0.18/node_modules/@vitest/runner/dist/index.js:915:26\n    at file:///Z:/ai-stats-public/node_modules/.pnpm/@vitest+runner@4.0.18/node_modules/@vitest/runner/dist/index.js:1243:20\n    at new Promise (<anonymous>)\n    at runWithTimeout (file:///Z:/ai-stats-public/node_modules/.pnpm/@vitest+runner@4.0.18/node_modules/@vitest/runner/dist/index.js:1209:10)"],"meta":{}},{"ancestorTitles":["Provider adapter matrix (non-IR endpoints)","bytedance-seed"],"fullName":"Provider adapter matrix (non-IR endpoints) bytedance-seed embeddings","status":"failed","title":"embeddings","duration":0.5643000000000029,"failureMessages":["Error: bytedance-seed_base_url_missing\n    at resolveOpenAICompatConfig (Z:/ai-stats-public/apps/api/src/providers/openai-compatible/config.ts:544:15)\n    at resolveOpenAICompatKey (Z:/ai-stats-public/apps/api/src/providers/openai-compatible/config.ts:632:20)\n    at Module.exec (Z:/ai-stats-public/apps/api/src/providers/openai/endpoints/embeddings.ts:45:27)\n    at Object.execute (Z:/ai-stats-public/apps/api/src/providers/openai-compatible/index.ts:33:39)\n    at Z:/ai-stats-public/apps/api/tests/provider-adapter-matrix.spec.ts:295:50\n    at file:///Z:/ai-stats-public/node_modules/.pnpm/@vitest+runner@4.0.18/node_modules/@vitest/runner/dist/index.js:145:11\n    at file:///Z:/ai-stats-public/node_modules/.pnpm/@vitest+runner@4.0.18/node_modules/@vitest/runner/dist/index.js:915:26\n    at file:///Z:/ai-stats-public/node_modules/.pnpm/@vitest+runner@4.0.18/node_modules/@vitest/runner/dist/index.js:1243:20\n    at new Promise (<anonymous>)\n    at runWithTimeout (file:///Z:/ai-stats-public/node_modules/.pnpm/@vitest+runner@4.0.18/node_modules/@vitest/runner/dist/index.js:1209:10)"],"meta":{}},{"ancestorTitles":["Provider adapter matrix (non-IR endpoints)","bytedance-seed"],"fullName":"Provider adapter matrix (non-IR endpoints) bytedance-seed images.generations","status":"failed","title":"images.generations","duration":0.49109999999996035,"failureMessages":["Error: bytedance-seed_base_url_missing\n    at resolveOpenAICompatConfig (Z:/ai-stats-public/apps/api/src/providers/openai-compatible/config.ts:544:15)\n    at resolveOpenAICompatKey (Z:/ai-stats-public/apps/api/src/providers/openai-compatible/config.ts:632:20)\n    at Module.exec (Z:/ai-stats-public/apps/api/src/providers/openai/endpoints/images.ts:40:27)\n    at Object.execute (Z:/ai-stats-public/apps/api/src/providers/openai-compatible/index.ts:35:35)\n    at Z:/ai-stats-public/apps/api/tests/provider-adapter-matrix.spec.ts:295:50\n    at file:///Z:/ai-stats-public/node_modules/.pnpm/@vitest+runner@4.0.18/node_modules/@vitest/runner/dist/index.js:145:11\n    at file:///Z:/ai-stats-public/node_modules/.pnpm/@vitest+runner@4.0.18/node_modules/@vitest/runner/dist/index.js:915:26\n    at file:///Z:/ai-stats-public/node_modules/.pnpm/@vitest+runner@4.0.18/node_modules/@vitest/runner/dist/index.js:1243:20\n    at new Promise (<anonymous>)\n    at runWithTimeout (file:///Z:/ai-stats-public/node_modules/.pnpm/@vitest+runner@4.0.18/node_modules/@vitest/runner/dist/index.js:1209:10)"],"meta":{}},{"ancestorTitles":["Provider adapter matrix (non-IR endpoints)","bytedance-seed"],"fullName":"Provider adapter matrix (non-IR endpoints) bytedance-seed images.edits","status":"failed","title":"images.edits","duration":0.6217999999998938,"failureMessages":["Error: bytedance-seed_base_url_missing\n    at resolveOpenAICompatConfig (Z:/ai-stats-public/apps/api/src/providers/openai-compatible/config.ts:544:15)\n    at resolveOpenAICompatKey (Z:/ai-stats-public/apps/api/src/providers/openai-compatible/config.ts:632:20)\n    at Module.exec (Z:/ai-stats-public/apps/api/src/providers/openai/endpoints/images-edits.ts:15:27)\n    at Object.execute (Z:/ai-stats-public/apps/api/src/providers/openai-compatible/index.ts:37:40)\n    at Z:/ai-stats-public/apps/api/tests/provider-adapter-matrix.spec.ts:295:50\n    at file:///Z:/ai-stats-public/node_modules/.pnpm/@vitest+runner@4.0.18/node_modules/@vitest/runner/dist/index.js:145:11\n    at file:///Z:/ai-stats-public/node_modules/.pnpm/@vitest+runner@4.0.18/node_modules/@vitest/runner/dist/index.js:915:26\n    at file:///Z:/ai-stats-public/node_modules/.pnpm/@vitest+runner@4.0.18/node_modules/@vitest/runner/dist/index.js:1243:20\n    at new Promise (<anonymous>)\n    at runWithTimeout (file:///Z:/ai-stats-public/node_modules/.pnpm/@vitest+runner@4.0.18/node_modules/@vitest/runner/dist/index.js:1209:10)"],"meta":{}},{"ancestorTitles":["Provider adapter matrix (non-IR endpoints)","bytedance-seed"],"fullName":"Provider adapter matrix (non-IR endpoints) bytedance-seed audio.speech","status":"failed","title":"audio.speech","duration":0.7325000000000728,"failureMessages":["Error: bytedance-seed_base_url_missing\n    at resolveOpenAICompatConfig (Z:/ai-stats-public/apps/api/src/providers/openai-compatible/config.ts:544:15)\n    at resolveOpenAICompatKey (Z:/ai-stats-public/apps/api/src/providers/openai-compatible/config.ts:632:20)\n    at Module.exec (Z:/ai-stats-public/apps/api/src/providers/openai/endpoints/audio-speech.ts:48:27)\n    at Object.execute (Z:/ai-stats-public/apps/api/src/providers/openai-compatible/index.ts:39:40)\n    at Z:/ai-stats-public/apps/api/tests/provider-adapter-matrix.spec.ts:295:50\n    at file:///Z:/ai-stats-public/node_modules/.pnpm/@vitest+runner@4.0.18/node_modules/@vitest/runner/dist/index.js:145:11\n    at file:///Z:/ai-stats-public/node_modules/.pnpm/@vitest+runner@4.0.18/node_modules/@vitest/runner/dist/index.js:915:26\n    at file:///Z:/ai-stats-public/node_modules/.pnpm/@vitest+runner@4.0.18/node_modules/@vitest/runner/dist/index.js:1243:20\n    at new Promise (<anonymous>)\n    at runWithTimeout (file:///Z:/ai-stats-public/node_modules/.pnpm/@vitest+runner@4.0.18/node_modules/@vitest/runner/dist/index.js:1209:10)"],"meta":{}},{"ancestorTitles":["Provider adapter matrix (non-IR endpoints)","bytedance-seed"],"fullName":"Provider adapter matrix (non-IR endpoints) bytedance-seed audio.transcription","status":"failed","title":"audio.transcription","duration":0.38239999999996144,"failureMessages":["Error: bytedance-seed_base_url_missing\n    at resolveOpenAICompatConfig (Z:/ai-stats-public/apps/api/src/providers/openai-compatible/config.ts:544:15)\n    at resolveOpenAICompatKey (Z:/ai-stats-public/apps/api/src/providers/openai-compatible/config.ts:632:20)\n    at Module.exec (Z:/ai-stats-public/apps/api/src/providers/openai/endpoints/audio-transcription.ts:37:27)\n    at Object.execute (Z:/ai-stats-public/apps/api/src/providers/openai-compatible/index.ts:41:47)\n    at Z:/ai-stats-public/apps/api/tests/provider-adapter-matrix.spec.ts:295:50\n    at file:///Z:/ai-stats-public/node_modules/.pnpm/@vitest+runner@4.0.18/node_modules/@vitest/runner/dist/index.js:145:11\n    at file:///Z:/ai-stats-public/node_modules/.pnpm/@vitest+runner@4.0.18/node_modules/@vitest/runner/dist/index.js:915:26\n    at file:///Z:/ai-stats-public/node_modules/.pnpm/@vitest+runner@4.0.18/node_modules/@vitest/runner/dist/index.js:1243:20\n    at new Promise (<anonymous>)\n    at runWithTimeout (file:///Z:/ai-stats-public/node_modules/.pnpm/@vitest+runner@4.0.18/node_modules/@vitest/runner/dist/index.js:1209:10)"],"meta":{}},{"ancestorTitles":["Provider adapter matrix (non-IR endpoints)","bytedance-seed"],"fullName":"Provider adapter matrix (non-IR endpoints) bytedance-seed audio.translations","status":"failed","title":"audio.translations","duration":0.3263999999999214,"failureMessages":["Error: bytedance-seed_base_url_missing\n    at resolveOpenAICompatConfig (Z:/ai-stats-public/apps/api/src/providers/openai-compatible/config.ts:544:15)\n    at resolveOpenAICompatKey (Z:/ai-stats-public/apps/api/src/providers/openai-compatible/config.ts:632:20)\n    at Module.exec (Z:/ai-stats-public/apps/api/src/providers/openai/endpoints/audio-translation.ts:36:27)\n    at Object.execute (Z:/ai-stats-public/apps/api/src/providers/openai-compatible/index.ts:43:45)\n    at Z:/ai-stats-public/apps/api/tests/provider-adapter-matrix.spec.ts:295:50\n    at file:///Z:/ai-stats-public/node_modules/.pnpm/@vitest+runner@4.0.18/node_modules/@vitest/runner/dist/index.js:145:11\n    at file:///Z:/ai-stats-public/node_modules/.pnpm/@vitest+runner@4.0.18/node_modules/@vitest/runner/dist/index.js:915:26\n    at file:///Z:/ai-stats-public/node_modules/.pnpm/@vitest+runner@4.0.18/node_modules/@vitest/runner/dist/index.js:1243:20\n    at new Promise (<anonymous>)\n    at runWithTimeout (file:///Z:/ai-stats-public/node_modules/.pnpm/@vitest+runner@4.0.18/node_modules/@vitest/runner/dist/index.js:1209:10)"],"meta":{}},{"ancestorTitles":["Provider adapter matrix (non-IR endpoints)","bytedance-seed"],"fullName":"Provider adapter matrix (non-IR endpoints) bytedance-seed video.generation","status":"failed","title":"video.generation","duration":0.6733999999999014,"failureMessages":["Error: bytedance-seed_base_url_missing\n    at resolveOpenAICompatConfig (Z:/ai-stats-public/apps/api/src/providers/openai-compatible/config.ts:544:15)\n    at resolveOpenAICompatKey (Z:/ai-stats-public/apps/api/src/providers/openai-compatible/config.ts:632:20)\n    at Module.exec (Z:/ai-stats-public/apps/api/src/providers/openai/endpoints/video.ts:18:27)\n    at Object.execute (Z:/ai-stats-public/apps/api/src/providers/openai-compatible/index.ts:45:34)\n    at Z:/ai-stats-public/apps/api/tests/provider-adapter-matrix.spec.ts:295:50\n    at file:///Z:/ai-stats-public/node_modules/.pnpm/@vitest+runner@4.0.18/node_modules/@vitest/runner/dist/index.js:145:11\n    at file:///Z:/ai-stats-public/node_modules/.pnpm/@vitest+runner@4.0.18/node_modules/@vitest/runner/dist/index.js:915:26\n    at file:///Z:/ai-stats-public/node_modules/.pnpm/@vitest+runner@4.0.18/node_modules/@vitest/runner/dist/index.js:1243:20\n    at new Promise (<anonymous>)\n    at runWithTimeout (file:///Z:/ai-stats-public/node_modules/.pnpm/@vitest+runner@4.0.18/node_modules/@vitest/runner/dist/index.js:1209:10)"],"meta":{}},{"ancestorTitles":["Provider adapter matrix (non-IR endpoints)","bytedance-seed"],"fullName":"Provider adapter matrix (non-IR endpoints) bytedance-seed batch","status":"failed","title":"batch","duration":0.35400000000004184,"failureMessages":["Error: bytedance-seed: unsupported endpoint batch\n    at Object.execute (Z:/ai-stats-public/apps/api/src/providers/openai-compatible/index.ts:47:27)\n    at Z:/ai-stats-public/apps/api/tests/provider-adapter-matrix.spec.ts:295:50\n    at file:///Z:/ai-stats-public/node_modules/.pnpm/@vitest+runner@4.0.18/node_modules/@vitest/runner/dist/index.js:145:11\n    at file:///Z:/ai-stats-public/node_modules/.pnpm/@vitest+runner@4.0.18/node_modules/@vitest/runner/dist/index.js:915:26\n    at file:///Z:/ai-stats-public/node_modules/.pnpm/@vitest+runner@4.0.18/node_modules/@vitest/runner/dist/index.js:1243:20\n    at new Promise (<anonymous>)\n    at runWithTimeout (file:///Z:/ai-stats-public/node_modules/.pnpm/@vitest+runner@4.0.18/node_modules/@vitest/runner/dist/index.js:1209:10)\n    at file:///Z:/ai-stats-public/node_modules/.pnpm/@vitest+runner@4.0.18/node_modules/@vitest/runner/dist/index.js:1653:37\n    at Traces.$ (file:///Z:/ai-stats-public/node_modules/.pnpm/vitest@4.0.18_@opentelemetr_b3d38756a34a0c2905465316623765c2/node_modules/vitest/dist/chunks/traces.CCmnQaNT.js:142:27)\n    at trace (file:///Z:/ai-stats-public/node_modules/.pnpm/vitest@4.0.18_@opentelemetr_b3d38756a34a0c2905465316623765c2/node_modules/vitest/dist/chunks/test.B8ej_ZHS.js:239:21)"],"meta":{}},{"ancestorTitles":["Provider adapter matrix (non-IR endpoints)","bytedance-seed"],"fullName":"Provider adapter matrix (non-IR endpoints) bytedance-seed ocr","status":"passed","title":"ocr","duration":0.205600000000004,"failureMessages":[],"meta":{}},{"ancestorTitles":["Provider adapter matrix (non-IR endpoints)","bytedance-seed"],"fullName":"Provider adapter matrix (non-IR endpoints) bytedance-seed music.generate","status":"passed","title":"music.generate","duration":0.1374999999998181,"failureMessages":[],"meta":{}},{"ancestorTitles":["Provider adapter matrix (non-IR endpoints)","bytedance-seed"],"fullName":"Provider adapter matrix (non-IR endpoints) bytedance-seed files.upload","status":"passed","title":"files.upload","duration":0.16260000000011132,"failureMessages":[],"meta":{}},{"ancestorTitles":["Provider adapter matrix (non-IR endpoints)","bytedance-seed"],"fullName":"Provider adapter matrix (non-IR endpoints) bytedance-seed files.list","status":"passed","title":"files.list","duration":0.15499999999997272,"failureMessages":[],"meta":{}},{"ancestorTitles":["Provider adapter matrix (non-IR endpoints)","bytedance-seed"],"fullName":"Provider adapter matrix (non-IR endpoints) bytedance-seed files.retrieve","status":"passed","title":"files.retrieve","duration":0.17609999999990578,"failureMessages":[],"meta":{}},{"ancestorTitles":["Provider adapter matrix (non-IR endpoints)","mistral"],"fullName":"Provider adapter matrix (non-IR endpoints) mistral moderations","status":"passed","title":"moderations","duration":1.0256999999999152,"failureMessages":[],"meta":{}},{"ancestorTitles":["Provider adapter matrix (non-IR endpoints)","mistral"],"fullName":"Provider adapter matrix (non-IR endpoints) mistral embeddings","status":"passed","title":"embeddings","duration":0.5050999999998567,"failureMessages":[],"meta":{}},{"ancestorTitles":["Provider adapter matrix (non-IR endpoints)","mistral"],"fullName":"Provider adapter matrix (non-IR endpoints) mistral images.generations","status":"passed","title":"images.generations","duration":1.373299999999972,"failureMessages":[],"meta":{}},{"ancestorTitles":["Provider adapter matrix (non-IR endpoints)","mistral"],"fullName":"Provider adapter matrix (non-IR endpoints) mistral images.edits","status":"passed","title":"images.edits","duration":0.9749000000001615,"failureMessages":[],"meta":{}},{"ancestorTitles":["Provider adapter matrix (non-IR endpoints)","mistral"],"fullName":"Provider adapter matrix (non-IR endpoints) mistral audio.speech","status":"passed","title":"audio.speech","duration":0.2980000000000018,"failureMessages":[],"meta":{}},{"ancestorTitles":["Provider adapter matrix (non-IR endpoints)","mistral"],"fullName":"Provider adapter matrix (non-IR endpoints) mistral audio.transcription","status":"failed","title":"audio.transcription","duration":0.6085000000000491,"failureMessages":["ZodError: [\n  {\n    \"code\": \"custom\",\n    \"message\": \"file is required\",\n    \"fatal\": true,\n    \"path\": [\n      \"file\"\n    ]\n  }\n]\n    at Object.get error [as error] (file:///Z:/ai-stats-public/node_modules/.pnpm/zod@3.25.76/node_modules/zod/v3/types.js:39:31)\n    at ZodObject.parse (file:///Z:/ai-stats-public/node_modules/.pnpm/zod@3.25.76/node_modules/zod/v3/types.js:114:22)\n    at buildAdapterPayload (Z:/ai-stats-public/apps/api/src/providers/utils.ts:20:30)\n    at Module.exec (Z:/ai-stats-public/apps/api/src/providers/openai/endpoints/audio-transcription.ts:38:28)\n    at processTicksAndRejections (node:internal/process/task_queues:105:5)"],"meta":{}},{"ancestorTitles":["Provider adapter matrix (non-IR endpoints)","mistral"],"fullName":"Provider adapter matrix (non-IR endpoints) mistral audio.translations","status":"failed","title":"audio.translations","duration":0.43659999999999854,"failureMessages":["ZodError: [\n  {\n    \"code\": \"custom\",\n    \"message\": \"file is required\",\n    \"fatal\": true,\n    \"path\": [\n      \"file\"\n    ]\n  }\n]\n    at Object.get error [as error] (file:///Z:/ai-stats-public/node_modules/.pnpm/zod@3.25.76/node_modules/zod/v3/types.js:39:31)\n    at ZodObject.parse (file:///Z:/ai-stats-public/node_modules/.pnpm/zod@3.25.76/node_modules/zod/v3/types.js:114:22)\n    at buildAdapterPayload (Z:/ai-stats-public/apps/api/src/providers/utils.ts:20:30)\n    at Module.exec (Z:/ai-stats-public/apps/api/src/providers/openai/endpoints/audio-translation.ts:37:28)\n    at processTicksAndRejections (node:internal/process/task_queues:105:5)"],"meta":{}},{"ancestorTitles":["Provider adapter matrix (non-IR endpoints)","mistral"],"fullName":"Provider adapter matrix (non-IR endpoints) mistral video.generation","status":"passed","title":"video.generation","duration":0.3830000000000382,"failureMessages":[],"meta":{}},{"ancestorTitles":["Provider adapter matrix (non-IR endpoints)","mistral"],"fullName":"Provider adapter matrix (non-IR endpoints) mistral batch","status":"failed","title":"batch","duration":0.3707999999999174,"failureMessages":["Error: mistral: unsupported endpoint batch\n    at Object.execute (Z:/ai-stats-public/apps/api/src/providers/openai-compatible/index.ts:47:27)\n    at Z:/ai-stats-public/apps/api/tests/provider-adapter-matrix.spec.ts:295:50\n    at file:///Z:/ai-stats-public/node_modules/.pnpm/@vitest+runner@4.0.18/node_modules/@vitest/runner/dist/index.js:145:11\n    at file:///Z:/ai-stats-public/node_modules/.pnpm/@vitest+runner@4.0.18/node_modules/@vitest/runner/dist/index.js:915:26\n    at file:///Z:/ai-stats-public/node_modules/.pnpm/@vitest+runner@4.0.18/node_modules/@vitest/runner/dist/index.js:1243:20\n    at new Promise (<anonymous>)\n    at runWithTimeout (file:///Z:/ai-stats-public/node_modules/.pnpm/@vitest+runner@4.0.18/node_modules/@vitest/runner/dist/index.js:1209:10)\n    at file:///Z:/ai-stats-public/node_modules/.pnpm/@vitest+runner@4.0.18/node_modules/@vitest/runner/dist/index.js:1653:37\n    at Traces.$ (file:///Z:/ai-stats-public/node_modules/.pnpm/vitest@4.0.18_@opentelemetr_b3d38756a34a0c2905465316623765c2/node_modules/vitest/dist/chunks/traces.CCmnQaNT.js:142:27)\n    at trace (file:///Z:/ai-stats-public/node_modules/.pnpm/vitest@4.0.18_@opentelemetr_b3d38756a34a0c2905465316623765c2/node_modules/vitest/dist/chunks/test.B8ej_ZHS.js:239:21)"],"meta":{}},{"ancestorTitles":["Provider adapter matrix (non-IR endpoints)","mistral"],"fullName":"Provider adapter matrix (non-IR endpoints) mistral ocr","status":"passed","title":"ocr","duration":0.17280000000005202,"failureMessages":[],"meta":{}},{"ancestorTitles":["Provider adapter matrix (non-IR endpoints)","mistral"],"fullName":"Provider adapter matrix (non-IR endpoints) mistral music.generate","status":"passed","title":"music.generate","duration":0.1270999999999276,"failureMessages":[],"meta":{}},{"ancestorTitles":["Provider adapter matrix (non-IR endpoints)","mistral"],"fullName":"Provider adapter matrix (non-IR endpoints) mistral files.upload","status":"passed","title":"files.upload","duration":0.12869999999998072,"failureMessages":[],"meta":{}},{"ancestorTitles":["Provider adapter matrix (non-IR endpoints)","mistral"],"fullName":"Provider adapter matrix (non-IR endpoints) mistral files.list","status":"passed","title":"files.list","duration":0.1229000000000724,"failureMessages":[],"meta":{}},{"ancestorTitles":["Provider adapter matrix (non-IR endpoints)","mistral"],"fullName":"Provider adapter matrix (non-IR endpoints) mistral files.retrieve","status":"passed","title":"files.retrieve","duration":0.11419999999998254,"failureMessages":[],"meta":{}},{"ancestorTitles":["Provider adapter matrix (non-IR endpoints)","elevenlabs"],"fullName":"Provider adapter matrix (non-IR endpoints) elevenlabs moderations","status":"passed","title":"moderations","duration":0.2966000000001259,"failureMessages":[],"meta":{}},{"ancestorTitles":["Provider adapter matrix (non-IR endpoints)","elevenlabs"],"fullName":"Provider adapter matrix (non-IR endpoints) elevenlabs embeddings","status":"passed","title":"embeddings","duration":0.1895999999999276,"failureMessages":[],"meta":{}},{"ancestorTitles":["Provider adapter matrix (non-IR endpoints)","elevenlabs"],"fullName":"Provider adapter matrix (non-IR endpoints) elevenlabs images.generations","status":"passed","title":"images.generations","duration":0.1432999999999538,"failureMessages":[],"meta":{}},{"ancestorTitles":["Provider adapter matrix (non-IR endpoints)","elevenlabs"],"fullName":"Provider adapter matrix (non-IR endpoints) elevenlabs images.edits","status":"passed","title":"images.edits","duration":0.11120000000005348,"failureMessages":[],"meta":{}},{"ancestorTitles":["Provider adapter matrix (non-IR endpoints)","elevenlabs"],"fullName":"Provider adapter matrix (non-IR endpoints) elevenlabs audio.speech","status":"passed","title":"audio.speech","duration":0.8062999999999647,"failureMessages":[],"meta":{}},{"ancestorTitles":["Provider adapter matrix (non-IR endpoints)","elevenlabs"],"fullName":"Provider adapter matrix (non-IR endpoints) elevenlabs audio.transcription","status":"passed","title":"audio.transcription","duration":0.9282000000000608,"failureMessages":[],"meta":{}},{"ancestorTitles":["Provider adapter matrix (non-IR endpoints)","elevenlabs"],"fullName":"Provider adapter matrix (non-IR endpoints) elevenlabs audio.translations","status":"passed","title":"audio.translations","duration":0.17810000000008586,"failureMessages":[],"meta":{}},{"ancestorTitles":["Provider adapter matrix (non-IR endpoints)","elevenlabs"],"fullName":"Provider adapter matrix (non-IR endpoints) elevenlabs video.generation","status":"passed","title":"video.generation","duration":0.1430000000000291,"failureMessages":[],"meta":{}},{"ancestorTitles":["Provider adapter matrix (non-IR endpoints)","elevenlabs"],"fullName":"Provider adapter matrix (non-IR endpoints) elevenlabs batch","status":"passed","title":"batch","duration":0.13400000000001455,"failureMessages":[],"meta":{}},{"ancestorTitles":["Provider adapter matrix (non-IR endpoints)","elevenlabs"],"fullName":"Provider adapter matrix (non-IR endpoints) elevenlabs ocr","status":"passed","title":"ocr","duration":0.14079999999989923,"failureMessages":[],"meta":{}},{"ancestorTitles":["Provider adapter matrix (non-IR endpoints)","elevenlabs"],"fullName":"Provider adapter matrix (non-IR endpoints) elevenlabs music.generate","status":"passed","title":"music.generate","duration":6.505400000000009,"failureMessages":[],"meta":{}},{"ancestorTitles":["Provider adapter matrix (non-IR endpoints)","elevenlabs"],"fullName":"Provider adapter matrix (non-IR endpoints) elevenlabs files.upload","status":"passed","title":"files.upload","duration":0.20669999999995525,"failureMessages":[],"meta":{}},{"ancestorTitles":["Provider adapter matrix (non-IR endpoints)","elevenlabs"],"fullName":"Provider adapter matrix (non-IR endpoints) elevenlabs files.list","status":"passed","title":"files.list","duration":0.14859999999998763,"failureMessages":[],"meta":{}},{"ancestorTitles":["Provider adapter matrix (non-IR endpoints)","elevenlabs"],"fullName":"Provider adapter matrix (non-IR endpoints) elevenlabs files.retrieve","status":"passed","title":"files.retrieve","duration":0.15189999999984138,"failureMessages":[],"meta":{}},{"ancestorTitles":["Provider adapter matrix (non-IR endpoints)","suno"],"fullName":"Provider adapter matrix (non-IR endpoints) suno moderations","status":"passed","title":"moderations","duration":0.17909999999983484,"failureMessages":[],"meta":{}},{"ancestorTitles":["Provider adapter matrix (non-IR endpoints)","suno"],"fullName":"Provider adapter matrix (non-IR endpoints) suno embeddings","status":"passed","title":"embeddings","duration":0.5882000000001426,"failureMessages":[],"meta":{}},{"ancestorTitles":["Provider adapter matrix (non-IR endpoints)","suno"],"fullName":"Provider adapter matrix (non-IR endpoints) suno images.generations","status":"passed","title":"images.generations","duration":0.20659999999998035,"failureMessages":[],"meta":{}},{"ancestorTitles":["Provider adapter matrix (non-IR endpoints)","suno"],"fullName":"Provider adapter matrix (non-IR endpoints) suno images.edits","status":"passed","title":"images.edits","duration":0.14350000000013097,"failureMessages":[],"meta":{}},{"ancestorTitles":["Provider adapter matrix (non-IR endpoints)","suno"],"fullName":"Provider adapter matrix (non-IR endpoints) suno audio.speech","status":"passed","title":"audio.speech","duration":0.18659999999999854,"failureMessages":[],"meta":{}},{"ancestorTitles":["Provider adapter matrix (non-IR endpoints)","suno"],"fullName":"Provider adapter matrix (non-IR endpoints) suno audio.transcription","status":"passed","title":"audio.transcription","duration":0.17350000000010368,"failureMessages":[],"meta":{}},{"ancestorTitles":["Provider adapter matrix (non-IR endpoints)","suno"],"fullName":"Provider adapter matrix (non-IR endpoints) suno audio.translations","status":"passed","title":"audio.translations","duration":0.15219999999999345,"failureMessages":[],"meta":{}},{"ancestorTitles":["Provider adapter matrix (non-IR endpoints)","suno"],"fullName":"Provider adapter matrix (non-IR endpoints) suno video.generation","status":"passed","title":"video.generation","duration":0.14570000000003347,"failureMessages":[],"meta":{}},{"ancestorTitles":["Provider adapter matrix (non-IR endpoints)","suno"],"fullName":"Provider adapter matrix (non-IR endpoints) suno batch","status":"passed","title":"batch","duration":0.2906000000000404,"failureMessages":[],"meta":{}},{"ancestorTitles":["Provider adapter matrix (non-IR endpoints)","suno"],"fullName":"Provider adapter matrix (non-IR endpoints) suno ocr","status":"passed","title":"ocr","duration":0.1451999999999316,"failureMessages":[],"meta":{}},{"ancestorTitles":["Provider adapter matrix (non-IR endpoints)","suno"],"fullName":"Provider adapter matrix (non-IR endpoints) suno music.generate","status":"failed","title":"music.generate","duration":4.038500000000113,"failureMessages":["Error: promise resolved \"undefined\" instead of rejecting\n    at _Assertion.__VITEST_REJECTS__ (file:///Z:/ai-stats-public/node_modules/.pnpm/@vitest+expect@4.0.18/node_modules/@vitest/expect/dist/index.js:1675:17)\n    at _Assertion.propertyGetter (file:///Z:/ai-stats-public/node_modules/.pnpm/chai@6.2.2/node_modules/chai/index.js:1570:27)\n    at Object.proxyGetter [as get] (file:///Z:/ai-stats-public/node_modules/.pnpm/chai@6.2.2/node_modules/chai/index.js:1659:22)\n    at Z:/ai-stats-public/apps/api/tests/provider-adapter-matrix.spec.ts:271:26\n    at file:///Z:/ai-stats-public/node_modules/.pnpm/@vitest+runner@4.0.18/node_modules/@vitest/runner/dist/index.js:145:11\n    at file:///Z:/ai-stats-public/node_modules/.pnpm/@vitest+runner@4.0.18/node_modules/@vitest/runner/dist/index.js:915:26\n    at file:///Z:/ai-stats-public/node_modules/.pnpm/@vitest+runner@4.0.18/node_modules/@vitest/runner/dist/index.js:1243:20\n    at new Promise (<anonymous>)\n    at runWithTimeout (file:///Z:/ai-stats-public/node_modules/.pnpm/@vitest+runner@4.0.18/node_modules/@vitest/runner/dist/index.js:1209:10)\n    at file:///Z:/ai-stats-public/node_modules/.pnpm/@vitest+runner@4.0.18/node_modules/@vitest/runner/dist/index.js:1653:37"],"meta":{}},{"ancestorTitles":["Provider adapter matrix (non-IR endpoints)","suno"],"fullName":"Provider adapter matrix (non-IR endpoints) suno files.upload","status":"passed","title":"files.upload","duration":0.19299999999998363,"failureMessages":[],"meta":{}},{"ancestorTitles":["Provider adapter matrix (non-IR endpoints)","suno"],"fullName":"Provider adapter matrix (non-IR endpoints) suno files.list","status":"passed","title":"files.list","duration":0.11089999999990141,"failureMessages":[],"meta":{}},{"ancestorTitles":["Provider adapter matrix (non-IR endpoints)","suno"],"fullName":"Provider adapter matrix (non-IR endpoints) suno files.retrieve","status":"passed","title":"files.retrieve","duration":0.16610000000014224,"failureMessages":[],"meta":{}},{"ancestorTitles":["Provider adapter matrix (non-IR endpoints)","alibaba"],"fullName":"Provider adapter matrix (non-IR endpoints) alibaba moderations","status":"passed","title":"moderations","duration":0.6878999999998996,"failureMessages":[],"meta":{}},{"ancestorTitles":["Provider adapter matrix (non-IR endpoints)","alibaba"],"fullName":"Provider adapter matrix (non-IR endpoints) alibaba embeddings","status":"passed","title":"embeddings","duration":0.5342000000000553,"failureMessages":[],"meta":{}},{"ancestorTitles":["Provider adapter matrix (non-IR endpoints)","alibaba"],"fullName":"Provider adapter matrix (non-IR endpoints) alibaba images.generations","status":"passed","title":"images.generations","duration":0.44229999999993197,"failureMessages":[],"meta":{}},{"ancestorTitles":["Provider adapter matrix (non-IR endpoints)","alibaba"],"fullName":"Provider adapter matrix (non-IR endpoints) alibaba images.edits","status":"passed","title":"images.edits","duration":0.712099999999964,"failureMessages":[],"meta":{}},{"ancestorTitles":["Provider adapter matrix (non-IR endpoints)","alibaba"],"fullName":"Provider adapter matrix (non-IR endpoints) alibaba audio.speech","status":"passed","title":"audio.speech","duration":0.22490000000016153,"failureMessages":[],"meta":{}},{"ancestorTitles":["Provider adapter matrix (non-IR endpoints)","alibaba"],"fullName":"Provider adapter matrix (non-IR endpoints) alibaba audio.transcription","status":"failed","title":"audio.transcription","duration":0.4838999999999487,"failureMessages":["ZodError: [\n  {\n    \"code\": \"custom\",\n    \"message\": \"file is required\",\n    \"fatal\": true,\n    \"path\": [\n      \"file\"\n    ]\n  }\n]\n    at Object.get error [as error] (file:///Z:/ai-stats-public/node_modules/.pnpm/zod@3.25.76/node_modules/zod/v3/types.js:39:31)\n    at ZodObject.parse (file:///Z:/ai-stats-public/node_modules/.pnpm/zod@3.25.76/node_modules/zod/v3/types.js:114:22)\n    at buildAdapterPayload (Z:/ai-stats-public/apps/api/src/providers/utils.ts:20:30)\n    at Module.exec (Z:/ai-stats-public/apps/api/src/providers/openai/endpoints/audio-transcription.ts:38:28)\n    at processTicksAndRejections (node:internal/process/task_queues:105:5)"],"meta":{}},{"ancestorTitles":["Provider adapter matrix (non-IR endpoints)","alibaba"],"fullName":"Provider adapter matrix (non-IR endpoints) alibaba audio.translations","status":"failed","title":"audio.translations","duration":0.37259999999992033,"failureMessages":["ZodError: [\n  {\n    \"code\": \"custom\",\n    \"message\": \"file is required\",\n    \"fatal\": true,\n    \"path\": [\n      \"file\"\n    ]\n  }\n]\n    at Object.get error [as error] (file:///Z:/ai-stats-public/node_modules/.pnpm/zod@3.25.76/node_modules/zod/v3/types.js:39:31)\n    at ZodObject.parse (file:///Z:/ai-stats-public/node_modules/.pnpm/zod@3.25.76/node_modules/zod/v3/types.js:114:22)\n    at buildAdapterPayload (Z:/ai-stats-public/apps/api/src/prov
[...]
.B8ej_ZHS.js:239:21)"],"meta":{}},{"ancestorTitles":["Provider adapter matrix (non-IR endpoints)","black-forest-labs"],"fullName":"Provider adapter matrix (non-IR endpoints) black-forest-labs audio.translations","status":"failed","title":"audio.translations","duration":0.3342999999999847,"failureMessages":["Error: black-forest-labs_not_supported:image_only_provider\n    at Object.execute (Z:/ai-stats-public/apps/api/src/providers/unsupported.ts:11:19)\n    at Z:/ai-stats-public/apps/api/tests/provider-adapter-matrix.spec.ts:295:50\n    at file:///Z:/ai-stats-public/node_modules/.pnpm/@vitest+runner@4.0.18/node_modules/@vitest/runner/dist/index.js:145:11\n    at file:///Z:/ai-stats-public/node_modules/.pnpm/@vitest+runner@4.0.18/node_modules/@vitest/runner/dist/index.js:915:26\n    at file:///Z:/ai-stats-public/node_modules/.pnpm/@vitest+runner@4.0.18/node_modules/@vitest/runner/dist/index.js:1243:20\n    at new Promise (<anonymous>)\n    at runWithTimeout (file:///Z:/ai-stats-public/node_modules/.pnpm/@vitest+runner@4.0.18/node_modules/@vitest/runner/dist/index.js:1209:10)\n    at file:///Z:/ai-stats-public/node_modules/.pnpm/@vitest+runner@4.0.18/node_modules/@vitest/runner/dist/index.js:1653:37\n    at Traces.$ (file:///Z:/ai-stats-public/node_modules/.pnpm/vitest@4.0.18_@opentelemetr_b3d38756a34a0c2905465316623765c2/node_modules/vitest/dist/chunks/traces.CCmnQaNT.js:142:27)\n    at trace (file:///Z:/ai-stats-public/node_modules/.pnpm/vitest@4.0.18_@opentelemetr_b3d38756a34a0c2905465316623765c2/node_modules/vitest/dist/chunks/test.B8ej_ZHS.js:239:21)"],"meta":{}},{"ancestorTitles":["Provider adapter matrix (non-IR endpoints)","black-forest-labs"],"fullName":"Provider adapter matrix (non-IR endpoints) black-forest-labs video.generation","status":"failed","title":"video.generation","duration":0.31340000000000146,"failureMessages":["Error: black-forest-labs_not_supported:image_only_provider\n    at Object.execute (Z:/ai-stats-public/apps/api/src/providers/unsupported.ts:11:19)\n    at Z:/ai-stats-public/apps/api/tests/provider-adapter-matrix.spec.ts:295:50\n    at file:///Z:/ai-stats-public/node_modules/.pnpm/@vitest+runner@4.0.18/node_modules/@vitest/runner/dist/index.js:145:11\n    at file:///Z:/ai-stats-public/node_modules/.pnpm/@vitest+runner@4.0.18/node_modules/@vitest/runner/dist/index.js:915:26\n    at file:///Z:/ai-stats-public/node_modules/.pnpm/@vitest+runner@4.0.18/node_modules/@vitest/runner/dist/index.js:1243:20\n    at new Promise (<anonymous>)\n    at runWithTimeout (file:///Z:/ai-stats-public/node_modules/.pnpm/@vitest+runner@4.0.18/node_modules/@vitest/runner/dist/index.js:1209:10)\n    at file:///Z:/ai-stats-public/node_modules/.pnpm/@vitest+runner@4.0.18/node_modules/@vitest/runner/dist/index.js:1653:37\n    at Traces.$ (file:///Z:/ai-stats-public/node_modules/.pnpm/vitest@4.0.18_@opentelemetr_b3d38756a34a0c2905465316623765c2/node_modules/vitest/dist/chunks/traces.CCmnQaNT.js:142:27)\n    at trace (file:///Z:/ai-stats-public/node_modules/.pnpm/vitest@4.0.18_@opentelemetr_b3d38756a34a0c2905465316623765c2/node_modules/vitest/dist/chunks/test.B8ej_ZHS.js:239:21)"],"meta":{}},{"ancestorTitles":["Provider adapter matrix (non-IR endpoints)","black-forest-labs"],"fullName":"Provider adapter matrix (non-IR endpoints) black-forest-labs batch","status":"failed","title":"batch","duration":0.2615000000000691,"failureMessages":["Error: black-forest-labs_not_supported:image_only_provider\n    at Object.execute (Z:/ai-stats-public/apps/api/src/providers/unsupported.ts:11:19)\n    at Z:/ai-stats-public/apps/api/tests/provider-adapter-matrix.spec.ts:295:50\n    at file:///Z:/ai-stats-public/node_modules/.pnpm/@vitest+runner@4.0.18/node_modules/@vitest/runner/dist/index.js:145:11\n    at file:///Z:/ai-stats-public/node_modules/.pnpm/@vitest+runner@4.0.18/node_modules/@vitest/runner/dist/index.js:915:26\n    at file:///Z:/ai-stats-public/node_modules/.pnpm/@vitest+runner@4.0.18/node_modules/@vitest/runner/dist/index.js:1243:20\n    at new Promise (<anonymous>)\n    at runWithTimeout (file:///Z:/ai-stats-public/node_modules/.pnpm/@vitest+runner@4.0.18/node_modules/@vitest/runner/dist/index.js:1209:10)\n    at file:///Z:/ai-stats-public/node_modules/.pnpm/@vitest+runner@4.0.18/node_modules/@vitest/runner/dist/index.js:1653:37\n    at Traces.$ (file:///Z:/ai-stats-public/node_modules/.pnpm/vitest@4.0.18_@opentelemetr_b3d38756a34a0c2905465316623765c2/node_modules/vitest/dist/chunks/traces.CCmnQaNT.js:142:27)\n    at trace (file:///Z:/ai-stats-public/node_modules/.pnpm/vitest@4.0.18_@opentelemetr_b3d38756a34a0c2905465316623765c2/node_modules/vitest/dist/chunks/test.B8ej_ZHS.js:239:21)"],"meta":{}},{"ancestorTitles":["Provider adapter matrix (non-IR endpoints)","black-forest-labs"],"fullName":"Provider adapter matrix (non-IR endpoints) black-forest-labs ocr","status":"passed","title":"ocr","duration":0.20219999999994798,"failureMessages":[],"meta":{}},{"ancestorTitles":["Provider adapter matrix (non-IR endpoints)","black-forest-labs"],"fullName":"Provider adapter matrix (non-IR endpoints) black-forest-labs music.generate","status":"passed","title":"music.generate","duration":0.12110000000006949,"failureMessages":[],"meta":{}},{"ancestorTitles":["Provider adapter matrix (non-IR endpoints)","black-forest-labs"],"fullName":"Provider adapter matrix (non-IR endpoints) black-forest-labs files.upload","status":"passed","title":"files.upload","duration":0.1290000000001328,"failureMessages":[],"meta":{}},{"ancestorTitles":["Provider adapter matrix (non-IR endpoints)","black-forest-labs"],"fullName":"Provider adapter matrix (non-IR endpoints) black-forest-labs files.list","status":"passed","title":"files.list","duration":0.10279999999988831,"failureMessages":[],"meta":{}},{"ancestorTitles":["Provider adapter matrix (non-IR endpoints)","black-forest-labs"],"fullName":"Provider adapter matrix (non-IR endpoints) black-forest-labs files.retrieve","status":"passed","title":"files.retrieve","duration":0.08349999999995816,"failureMessages":[],"meta":{}},{"ancestorTitles":["Provider adapter matrix (non-IR endpoints)","amazon-bedrock"],"fullName":"Provider adapter matrix (non-IR endpoints) amazon-bedrock moderations","status":"passed","title":"moderations","duration":0.2901999999999134,"failureMessages":[],"meta":{}},{"ancestorTitles":["Provider adapter matrix (non-IR endpoints)","amazon-bedrock"],"fullName":"Provider adapter matrix (non-IR endpoints) amazon-bedrock embeddings","status":"passed","title":"embeddings","duration":0.3168000000000575,"failureMessages":[],"meta":{}},{"ancestorTitles":["Provider adapter matrix (non-IR endpoints)","amazon-bedrock"],"fullName":"Provider adapter matrix (non-IR endpoints) amazon-bedrock images.generations","status":"passed","title":"images.generations","duration":0.18309999999996762,"failureMessages":[],"meta":{}},{"ancestorTitles":["Provider adapter matrix (non-IR endpoints)","amazon-bedrock"],"fullName":"Provider adapter matrix (non-IR endpoints) amazon-bedrock images.edits","status":"passed","title":"images.edits","duration":0.23460000000000036,"failureMessages":[],"meta":{}},{"ancestorTitles":["Provider adapter matrix (non-IR endpoints)","amazon-bedrock"],"fullName":"Provider adapter matrix (non-IR endpoints) amazon-bedrock audio.speech","status":"passed","title":"audio.speech","duration":0.15840000000002874,"failureMessages":[],"meta":{}},{"ancestorTitles":["Provider adapter matrix (non-IR endpoints)","amazon-bedrock"],"fullName":"Provider adapter matrix (non-IR endpoints) amazon-bedrock audio.transcription","status":"passed","title":"audio.transcription","duration":0.15570000000002437,"failureMessages":[],"meta":{}},{"ancestorTitles":["Provider adapter matrix (non-IR endpoints)","amazon-bedrock"],"fullName":"Provider adapter matrix (non-IR endpoints) amazon-bedrock audio.translations","status":"passed","title":"audio.translations","duration":0.17489999999997963,"failureMessages":[],"meta":{}},{"ancestorTitles":["Provider adapter matrix (non-IR endpoints)","amazon-bedrock"],"fullName":"Provider adapter matrix (non-IR endpoints) amazon-bedrock video.generation","status":"passed","title":"video.generation","duration":0.17190000000005057,"failureMessages":[],"meta":{}},{"ancestorTitles":["Provider adapter matrix (non-IR endpoints)","amazon-bedrock"],"fullName":"Provider adapter matrix (non-IR endpoints) amazon-bedrock batch","status":"passed","title":"batch","duration":0.1230000000000473,"failureMessages":[],"meta":{}},{"ancestorTitles":["Provider adapter matrix (non-IR endpoints)","amazon-bedrock"],"fullName":"Provider adapter matrix (non-IR endpoints) amazon-bedrock ocr","status":"passed","title":"ocr","duration":0.13059999999995853,"failureMessages":[],"meta":{}},{"ancestorTitles":["Provider adapter matrix (non-IR endpoints)","amazon-bedrock"],"fullName":"Provider adapter matrix (non-IR endpoints) amazon-bedrock music.generate","status":"passed","title":"music.generate","duration":0.13560000000006767,"failureMessages":[],"meta":{}},{"ancestorTitles":["Provider adapter matrix (non-IR endpoints)","amazon-bedrock"],"fullName":"Provider adapter matrix (non-IR endpoints) amazon-bedrock files.upload","status":"passed","title":"files.upload","duration":0.1354999999998654,"failureMessages":[],"meta":{}},{"ancestorTitles":["Provider adapter matrix (non-IR endpoints)","amazon-bedrock"],"fullName":"Provider adapter matrix (non-IR endpoints) amazon-bedrock files.list","status":"passed","title":"files.list","duration":0.16570000000001528,"failureMessages":[],"meta":{}},{"ancestorTitles":["Provider adapter matrix (non-IR endpoints)","amazon-bedrock"],"fullName":"Provider adapter matrix (non-IR endpoints) amazon-bedrock files.retrieve","status":"passed","title":"files.retrieve","duration":0.15160000000014406,"failureMessages":[],"meta":{}},{"ancestorTitles":["Provider adapter matrix (non-IR endpoints)","google-vertex"],"fullName":"Provider adapter matrix (non-IR endpoints) google-vertex moderations","status":"passed","title":"moderations","duration":0.22749999999996362,"failureMessages":[],"meta":{}},{"ancestorTitles":["Provider adapter matrix (non-IR endpoints)","google-vertex"],"fullName":"Provider adapter matrix (non-IR endpoints) google-vertex embeddings","status":"passed","title":"embeddings","duration":0.19290000000000873,"failureMessages":[],"meta":{}},{"ancestorTitles":["Provider adapter matrix (non-IR endpoints)","google-vertex"],"fullName":"Provider adapter matrix (non-IR endpoints) google-vertex images.generations","status":"passed","title":"images.generations","duration":0.15779999999995198,"failureMessages":[],"meta":{}},{"ancestorTitles":["Provider adapter matrix (non-IR endpoints)","google-vertex"],"fullName":"Provider adapter matrix (non-IR endpoints) google-vertex images.edits","status":"passed","title":"images.edits","duration":0.24489999999991596,"failureMessages":[],"meta":{}},{"ancestorTitles":["Provider adapter matrix (non-IR endpoints)","google-vertex"],"fullName":"Provider adapter matrix (non-IR endpoints) google-vertex audio.speech","status":"passed","title":"audio.speech","duration":0.18539999999984502,"failureMessages":[],"meta":{}},{"ancestorTitles":["Provider adapter matrix (non-IR endpoints)","google-vertex"],"fullName":"Provider adapter matrix (non-IR endpoints) google-vertex audio.transcription","status":"passed","title":"audio.transcription","duration":0.12419999999997344,"failureMessages":[],"meta":{}},{"ancestorTitles":["Provider adapter matrix (non-IR endpoints)","google-vertex"],"fullName":"Provider adapter matrix (non-IR endpoints) google-vertex audio.translations","status":"passed","title":"audio.translations","duration":0.11030000000005202,"failureMessages":[],"meta":{}},{"ancestorTitles":["Provider adapter matrix (non-IR endpoints)","google-vertex"],"fullName":"Provider adapter matrix (non-IR endpoints) google-vertex video.generation","status":"passed","title":"video.generation","duration":0.11790000000019063,"failureMessages":[],"meta":{}},{"ancestorTitles":["Provider adapter matrix (non-IR endpoints)","google-vertex"],"fullName":"Provider adapter matrix (non-IR endpoints) google-vertex batch","status":"passed","title":"batch","duration":0.08480000000008658,"failureMessages":[],"meta":{}},{"ancestorTitles":["Provider adapter matrix (non-IR endpoints)","google-vertex"],"fullName":"Provider adapter matrix (non-IR endpoints) google-vertex ocr","status":"passed","title":"ocr","duration":0.08039999999982683,"failureMessages":[],"meta":{}},{"ancestorTitles":["Provider adapter matrix (non-IR endpoints)","google-vertex"],"fullName":"Provider adapter matrix (non-IR endpoints) google-vertex music.generate","status":"passed","title":"music.generate","duration":0.10990000000015243,"failureMessages":[],"meta":{}},{"ancestorTitles":["Provider adapter matrix (non-IR endpoints)","google-vertex"],"fullName":"Provider adapter matrix (non-IR endpoints) google-vertex files.upload","status":"passed","title":"files.upload","duration":0.10239999999998872,"failureMessages":[],"meta":{}},{"ancestorTitles":["Provider adapter matrix (non-IR endpoints)","google-vertex"],"fullName":"Provider adapter matrix (non-IR endpoints) google-vertex files.list","status":"passed","title":"files.list","duration":0.11619999999993524,"failureMessages":[],"meta":{}},{"ancestorTitles":["Provider adapter matrix (non-IR endpoints)","google-vertex"],"fullName":"Provider adapter matrix (non-IR endpoints) google-vertex files.retrieve","status":"passed","title":"files.retrieve","duration":0.12550000000010186,"failureMessages":[],"meta":{}}],"startTime":1772527579785,"endTime":1772527580206.1255,"status":"failed","message":"","name":"Z:/ai-stats-public/apps/api/tests/provider-adapter-matrix.spec.ts"},{"assertionResults":[{"ancestorTitles":["encodeOpenAIChatResponse"],"fullName":"encodeOpenAIChatResponse should encode simple text response","status":"failed","title":"should encode simple text response","duration":17.348099999999988,"failureMessages":["AssertionError: expected { input_tokens: undefined, …(2) } to deeply equal { prompt_tokens: 10, …(2) }\n    at Z:/ai-stats-public/apps/api/src/protocols/openai-chat/__tests__/encode.test.ts:45:26\n    at file:///Z:/ai-stats-public/node_modules/.pnpm/@vitest+runner@4.0.18/node_modules/@vitest/runner/dist/index.js:145:11\n    at file:///Z:/ai-stats-public/node_modules/.pnpm/@vitest+runner@4.0.18/node_modules/@vitest/runner/dist/index.js:915:26\n    at file:///Z:/ai-stats-public/node_modules/.pnpm/@vitest+runner@4.0.18/node_modules/@vitest/runner/dist/index.js:1243:20\n    at new Promise (<anonymous>)\n    at runWithTimeout (file:///Z:/ai-stats-public/node_modules/.pnpm/@vitest+runner@4.0.18/node_modules/@vitest/runner/dist/index.js:1209:10)\n    at file:///Z:/ai-stats-public/node_modules/.pnpm/@vitest+runner@4.0.18/node_modules/@vitest/runner/dist/index.js:1653:37\n    at Traces.$ (file:///Z:/ai-stats-public/node_modules/.pnpm/vitest@4.0.18_@opentelemetr_b3d38756a34a0c2905465316623765c2/node_modules/vitest/dist/chunks/traces.CCmnQaNT.js:142:27)\n    at trace (file:///Z:/ai-stats-public/node_modules/.pnpm/vitest@4.0.18_@opentelemetr_b3d38756a34a0c2905465316623765c2/node_modules/vitest/dist/chunks/test.B8ej_ZHS.js:239:21)\n    at runTest (file:///Z:/ai-stats-public/node_modules/.pnpm/@vitest+runner@4.0.18/node_modules/@vitest/runner/dist/index.js:1653:12)"],"meta":{}},{"ancestorTitles":["encodeOpenAIChatResponse"],"fullName":"encodeOpenAIChatResponse should encode tool calls in response","status":"passed","title":"should encode tool calls in response","duration":2.68810000000002,"failureMessages":[],"meta":{}},{"ancestorTitles":["encodeOpenAIChatResponse"],"fullName":"encodeOpenAIChatResponse should encode multiple tool calls","status":"passed","title":"should encode multiple tool calls","duration":0.4519000000000233,"failureMessages":[],"meta":{}},{"ancestorTitles":["encodeOpenAIChatResponse"],"fullName":"encodeOpenAIChatResponse should handle missing usage gracefully","status":"passed","title":"should handle missing usage gracefully","duration":0.4960999999999558,"failureMessages":[],"meta":{}},{"ancestorTitles":["encodeOpenAIChatResponse"],"fullName":"encodeOpenAIChatResponse should encode different finish reasons","status":"passed","title":"should encode different finish reasons","duration":0.5217000000000098,"failureMessages":[],"meta":{}},{"ancestorTitles":["encodeOpenAIChatResponse"],"fullName":"encodeOpenAIChatResponse should preserve null content when there are tool calls","status":"passed","title":"should preserve null content when there are tool calls","duration":0.34969999999998436,"failureMessages":[],"meta":{}},{"ancestorTitles":["encodeOpenAIChatResponse"],"fullName":"encodeOpenAIChatResponse should use fallback ID when nativeId is missing","status":"passed","title":"should use fallback ID when nativeId is missing","duration":0.2586000000000013,"failureMessages":[],"meta":{}},{"ancestorTitles":["encodeOpenAIChatResponse"],"fullName":"encodeOpenAIChatResponse should include created timestamp","status":"passed","title":"should include created timestamp","duration":0.4298999999999751,"failureMessages":[],"meta":{}},{"ancestorTitles":["encodeOpenAIChatResponse"],"fullName":"encodeOpenAIChatResponse should handle empty content string","status":"passed","title":"should handle empty content string","duration":0.377900000000011,"failureMessages":[],"meta":{}},{"ancestorTitles":["encodeOpenAIChatResponse"],"fullName":"encodeOpenAIChatResponse should encode refusal if present","status":"failed","title":"should encode refusal if present","duration":1.0457999999999856,"failureMessages":["AssertionError: expected undefined to be 'I cannot help with that request.' // Object.is equality\n    at Z:/ai-stats-public/apps/api/src/protocols/openai-chat/__tests__/encode.test.ts:290:47\n    at file:///Z:/ai-stats-public/node_modules/.pnpm/@vitest+runner@4.0.18/node_modules/@vitest/runner/dist/index.js:145:11\n    at file:///Z:/ai-stats-public/node_modules/.pnpm/@vitest+runner@4.0.18/node_modules/@vitest/runner/dist/index.js:915:26\n    at file:///Z:/ai-stats-public/node_modules/.pnpm/@vitest+runner@4.0.18/node_modules/@vitest/runner/dist/index.js:1243:20\n    at new Promise (<anonymous>)\n    at runWithTimeout (file:///Z:/ai-stats-public/node_modules/.pnpm/@vitest+runner@4.0.18/node_modules/@vitest/runner/dist/index.js:1209:10)\n    at file:///Z:/ai-stats-public/node_modules/.pnpm/@vitest+runner@4.0.18/node_modules/@vitest/runner/dist/index.js:1653:37\n    at Traces.$ (file:///Z:/ai-stats-public/node_modules/.pnpm/vitest@4.0.18_@opentelemetr_b3d38756a34a0c2905465316623765c2/node_modules/vitest/dist/chunks/traces.CCmnQaNT.js:142:27)\n    at trace (file:///Z:/ai-stats-public/node_modules/.pnpm/vitest@4.0.18_@opentelemetr_b3d38756a34a0c2905465316623765c2/node_modules/vitest/dist/chunks/test.B8ej_ZHS.js:239:21)\n    at runTest (file:///Z:/ai-stats-public/node_modules/.pnpm/@vitest+runner@4.0.18/node_modules/@vitest/runner/dist/index.js:1653:12)"],"meta":{}},{"ancestorTitles":["encodeOpenAIChatResponse"],"fullName":"encodeOpenAIChatResponse should handle multiple choices","status":"passed","title":"should handle multiple choices","duration":0.41109999999997626,"failureMessages":[],"meta":{}},{"ancestorTitles":["encodeOpenAIChatResponse"],"fullName":"encodeOpenAIChatResponse should encode reasoning content on the message","status":"passed","title":"should encode reasoning content on the message","duration":0.346300000000042,"failureMessages":[],"meta":{}},{"ancestorTitles":["encodeOpenAIChatResponse"],"fullName":"encodeOpenAIChatResponse should encode image parts onto message.images","status":"passed","title":"should encode image parts onto message.images","duration":0.3883999999999901,"failureMessages":[],"meta":{}}],"startTime":1772527578886,"endTime":1772527578911.3884,"status":"failed","message":"","name":"Z:/ai-stats-public/apps/api/src/protocols/openai-chat/__tests__/encode.test.ts"}]}